[2025-04-08T16:21:35.360+0000] {local_task_job_runner.py:120} INFO - ::group::Pre task execution logs
[2025-04-08T16:21:35.405+0000] {taskinstance.py:2076} INFO - Dependencies all met for dep_context=non-requeueable deps ti=<TaskInstance: finScraping.scraper manual__2025-04-08T16:21:31.541772+00:00 map_index=1 [queued]>
[2025-04-08T16:21:35.423+0000] {taskinstance.py:2076} INFO - Dependencies all met for dep_context=requeueable deps ti=<TaskInstance: finScraping.scraper manual__2025-04-08T16:21:31.541772+00:00 map_index=1 [queued]>
[2025-04-08T16:21:35.424+0000] {taskinstance.py:2306} INFO - Starting attempt 1 of 2
[2025-04-08T16:21:35.443+0000] {taskinstance.py:2330} INFO - Executing <Mapped(_PythonDecoratedOperator): scraper> on 2025-04-08 16:21:31.541772+00:00
[2025-04-08T16:21:35.449+0000] {standard_task_runner.py:63} INFO - Started process 1103 to run task
[2025-04-08T16:21:35.454+0000] {standard_task_runner.py:90} INFO - Running: ['***', 'tasks', 'run', 'finScraping', 'scraper', 'manual__2025-04-08T16:21:31.541772+00:00', '--job-id', '66', '--raw', '--subdir', 'DAGS_FOLDER/finScrapingDag.py', '--cfg-path', '/tmp/tmpo99r5yw6', '--map-index', '1']
[2025-04-08T16:21:35.456+0000] {standard_task_runner.py:91} INFO - Job 66: Subtask scraper
[2025-04-08T16:21:35.516+0000] {task_command.py:426} INFO - Running <TaskInstance: finScraping.scraper manual__2025-04-08T16:21:31.541772+00:00 map_index=1 [running]> on host e755bcd4c5c9
[2025-04-08T16:21:35.655+0000] {taskinstance.py:2648} INFO - Exporting env vars: AIRFLOW_CTX_DAG_OWNER='***' AIRFLOW_CTX_DAG_ID='finScraping' AIRFLOW_CTX_TASK_ID='scraper' AIRFLOW_CTX_EXECUTION_DATE='2025-04-08T16:21:31.541772+00:00' AIRFLOW_CTX_TRY_NUMBER='1' AIRFLOW_CTX_DAG_RUN_ID='manual__2025-04-08T16:21:31.541772+00:00'
[2025-04-08T16:21:35.655+0000] {taskinstance.py:430} INFO - ::endgroup::
[2025-04-08T16:21:36.001+0000] {logging_mixin.py:188} INFO - Scaping austrac.gov.au
[2025-04-08T16:21:36.002+0000] {logging_mixin.py:188} INFO - Scaping austrac.gov.au : page 0
[2025-04-08T16:21:40.522+0000] {logging_mixin.py:188} INFO - (1743390000, '\n\tEnhancing AUSTRAC Online: Your feedback in action')
[2025-04-08T16:21:40.522+0000] {logging_mixin.py:188} INFO - Scaping austrac.gov.au : limi date reached
[2025-04-08T16:21:40.522+0000] {python.py:237} INFO - Done. Returned value was: []
[2025-04-08T16:21:40.523+0000] {taskinstance.py:441} INFO - ::group::Post task execution logs
[2025-04-08T16:21:40.546+0000] {taskinstance.py:1206} INFO - Marking task as SUCCESS. dag_id=finScraping, task_id=scraper, run_id=manual__2025-04-08T16:21:31.541772+00:00, map_index=1, execution_date=20250408T162131, start_date=20250408T162135, end_date=20250408T162140
[2025-04-08T16:21:40.600+0000] {local_task_job_runner.py:240} INFO - Task exited with return code 0
[2025-04-08T16:21:40.628+0000] {taskinstance.py:3498} INFO - 1 downstream tasks scheduled from follow-on schedule check
[2025-04-08T16:21:40.630+0000] {local_task_job_runner.py:222} INFO - ::endgroup::
