[2025-04-15T09:58:46.946+0000] {local_task_job_runner.py:120} INFO - ::group::Pre task execution logs
[2025-04-15T09:58:46.974+0000] {taskinstance.py:2076} INFO - Dependencies all met for dep_context=non-requeueable deps ti=<TaskInstance: finScraping.check_sources scheduled__2025-04-15T08:00:00+00:00 [queued]>
[2025-04-15T09:58:46.984+0000] {taskinstance.py:2076} INFO - Dependencies all met for dep_context=requeueable deps ti=<TaskInstance: finScraping.check_sources scheduled__2025-04-15T08:00:00+00:00 [queued]>
[2025-04-15T09:58:46.984+0000] {taskinstance.py:2306} INFO - Starting attempt 1 of 2
[2025-04-15T09:58:47.003+0000] {taskinstance.py:2330} INFO - Executing <Task(_PythonDecoratedOperator): check_sources> on 2025-04-15 08:00:00+00:00
[2025-04-15T09:58:47.010+0000] {standard_task_runner.py:63} INFO - Started process 5117 to run task
[2025-04-15T09:58:47.013+0000] {standard_task_runner.py:90} INFO - Running: ['***', 'tasks', 'run', 'finScraping', 'check_sources', 'scheduled__2025-04-15T08:00:00+00:00', '--job-id', '436', '--raw', '--subdir', 'DAGS_FOLDER/finScrapingDag.py', '--cfg-path', '/tmp/tmplhz0w7ch']
[2025-04-15T09:58:47.015+0000] {standard_task_runner.py:91} INFO - Job 436: Subtask check_sources
[2025-04-15T09:58:47.072+0000] {task_command.py:426} INFO - Running <TaskInstance: finScraping.check_sources scheduled__2025-04-15T08:00:00+00:00 [running]> on host c8b3bbac069d
[2025-04-15T09:58:47.197+0000] {taskinstance.py:2648} INFO - Exporting env vars: AIRFLOW_CTX_DAG_OWNER='***' AIRFLOW_CTX_DAG_ID='finScraping' AIRFLOW_CTX_TASK_ID='check_sources' AIRFLOW_CTX_EXECUTION_DATE='2025-04-15T08:00:00+00:00' AIRFLOW_CTX_TRY_NUMBER='1' AIRFLOW_CTX_DAG_RUN_ID='scheduled__2025-04-15T08:00:00+00:00'
[2025-04-15T09:58:47.198+0000] {taskinstance.py:430} INFO - ::endgroup::
[2025-04-15T09:58:47.268+0000] {_transport.py:349} INFO - POST https://10.10.1.12:9200/sources/_update/ZdQOFpYBWUzV57vG-irh [status:200 duration:0.019s]
[2025-04-15T09:58:47.268+0000] {logging_mixin.py:188} INFO - editing source austrac
[2025-04-15T09:58:47.324+0000] {_transport.py:349} INFO - POST https://10.10.1.12:9200/sources/_update/JAFUKpYBuzX6IgpZnDhK [status:200 duration:0.013s]
[2025-04-15T09:58:47.324+0000] {logging_mixin.py:188} INFO - editing source qfiu
[2025-04-15T09:58:47.372+0000] {_transport.py:349} INFO - POST https://10.10.1.12:9200/sources/_update/ZtQPFpYBWUzV57vGJyqG [status:200 duration:0.013s]
[2025-04-15T09:58:47.373+0000] {logging_mixin.py:188} INFO - editing source nationalcrimeagency
[2025-04-15T09:58:47.373+0000] {python.py:237} INFO - Done. Returned value was: [{'id': 'ZdQOFpYBWUzV57vG-irh', 'name': 'austrac', 'url': 'austrac.gov.au', 'state': True, 'frequency': 6, 'last_execution': 1744594738}, {'id': 'JAFUKpYBuzX6IgpZnDhK', 'name': 'qfiu', 'url': 'www.qfiu.gov.qa', 'state': True, 'frequency': 8, 'last_execution': 1744594738}, {'id': 'ZtQPFpYBWUzV57vGJyqG', 'name': 'nationalcrimeagency', 'url': 'nationalcrimeagency.gov.uk', 'state': True, 'frequency': 4, 'last_execution': 1744594738, 'frequenccy': 6}]
[2025-04-15T09:58:47.374+0000] {taskinstance.py:441} INFO - ::group::Post task execution logs
[2025-04-15T09:58:47.401+0000] {taskinstance.py:1206} INFO - Marking task as SUCCESS. dag_id=finScraping, task_id=check_sources, run_id=scheduled__2025-04-15T08:00:00+00:00, execution_date=20250415T080000, start_date=20250415T095846, end_date=20250415T095847
[2025-04-15T09:58:47.426+0000] {local_task_job_runner.py:240} INFO - Task exited with return code 0
[2025-04-15T09:58:47.507+0000] {taskinstance.py:3498} INFO - 3 downstream tasks scheduled from follow-on schedule check
[2025-04-15T09:58:47.509+0000] {local_task_job_runner.py:222} INFO - ::endgroup::
