[2025-04-08T16:16:30.242+0000] {local_task_job_runner.py:120} INFO - ::group::Pre task execution logs
[2025-04-08T16:16:30.276+0000] {taskinstance.py:2076} INFO - Dependencies all met for dep_context=non-requeueable deps ti=<TaskInstance: finScraping.scraper manual__2025-04-08T16:16:24.434610+00:00 map_index=0 [queued]>
[2025-04-08T16:16:30.290+0000] {taskinstance.py:2076} INFO - Dependencies all met for dep_context=requeueable deps ti=<TaskInstance: finScraping.scraper manual__2025-04-08T16:16:24.434610+00:00 map_index=0 [queued]>
[2025-04-08T16:16:30.291+0000] {taskinstance.py:2306} INFO - Starting attempt 1 of 2
[2025-04-08T16:16:30.312+0000] {taskinstance.py:2330} INFO - Executing <Mapped(_PythonDecoratedOperator): scraper> on 2025-04-08 16:16:24.434610+00:00
[2025-04-08T16:16:30.321+0000] {standard_task_runner.py:63} INFO - Started process 1033 to run task
[2025-04-08T16:16:30.324+0000] {standard_task_runner.py:90} INFO - Running: ['***', 'tasks', 'run', 'finScraping', 'scraper', 'manual__2025-04-08T16:16:24.434610+00:00', '--job-id', '63', '--raw', '--subdir', 'DAGS_FOLDER/finScrapingDag.py', '--cfg-path', '/tmp/tmp2d926pa5', '--map-index', '0']
[2025-04-08T16:16:30.326+0000] {standard_task_runner.py:91} INFO - Job 63: Subtask scraper
[2025-04-08T16:16:30.404+0000] {task_command.py:426} INFO - Running <TaskInstance: finScraping.scraper manual__2025-04-08T16:16:24.434610+00:00 map_index=0 [running]> on host e755bcd4c5c9
[2025-04-08T16:16:30.547+0000] {taskinstance.py:2648} INFO - Exporting env vars: AIRFLOW_CTX_DAG_OWNER='***' AIRFLOW_CTX_DAG_ID='finScraping' AIRFLOW_CTX_TASK_ID='scraper' AIRFLOW_CTX_EXECUTION_DATE='2025-04-08T16:16:24.434610+00:00' AIRFLOW_CTX_TRY_NUMBER='1' AIRFLOW_CTX_DAG_RUN_ID='manual__2025-04-08T16:16:24.434610+00:00'
[2025-04-08T16:16:30.548+0000] {taskinstance.py:430} INFO - ::endgroup::
[2025-04-08T16:16:30.956+0000] {logging_mixin.py:188} INFO - Scaping austrac.gov.au
[2025-04-08T16:16:30.956+0000] {logging_mixin.py:188} INFO - Scaping austrac.gov.au : page 0
[2025-04-08T16:16:40.289+0000] {logging_mixin.py:188} INFO - (1744128991, 'Operation Venetic: Drug dealer caught with five kilos of cocaine found to have imported a further £17m worth')
[2025-04-08T16:16:40.290+0000] {logging_mixin.py:188} INFO - (1744128992, 'Career criminal back behind bars after fourth drug supply conviction')
[2025-04-08T16:16:40.291+0000] {logging_mixin.py:188} INFO - (1743681600, 'Four arrested as NCA works with Libyan authorities to target people smugglers in North Africa')
[2025-04-08T16:16:40.291+0000] {logging_mixin.py:188} INFO - (1743595200, 'Dark web site taken offline as information on 63 users passed to UK forces')
[2025-04-08T16:16:40.291+0000] {logging_mixin.py:188} INFO - (1743508800, 'Operation Venetic: Crime “linchpin” who brokered multi-million-pound drugs deals is jailed')
[2025-04-08T16:16:40.291+0000] {logging_mixin.py:188} INFO - (1743508800, 'Man charged in NCA investigation over cocaine stash in electric wheelchair')
[2025-04-08T16:16:40.292+0000] {logging_mixin.py:188} INFO - (1744128994, 'Operation Stovewood: Brothers jailed for 31 years for raping girls')
[2025-04-08T16:16:40.292+0000] {logging_mixin.py:188} INFO - (1742904000, 'Sadistic online harm groups putting people at unprecedented risk, warns the NCA')
[2025-04-08T16:16:40.292+0000] {logging_mixin.py:188} INFO - (1742817600, 'Three arrested in North Lincolnshire as part of NCA people smuggling investigation')
[2025-04-08T16:16:40.292+0000] {logging_mixin.py:188} INFO - (1742558400, 'Man charged over Warwickshire firearms find')
[2025-04-08T16:16:40.292+0000] {logging_mixin.py:188} INFO - (1742558400, 'UPDATE: Two charged over Essex airfield cocaine seizure')
[2025-04-08T16:16:40.293+0000] {logging_mixin.py:188} INFO - (1742472000, "National Crime Agency launches online campaign to tackle 'sextortion' among young teenage boys")
[2025-04-08T16:16:40.293+0000] {logging_mixin.py:188} INFO - (1742385600, 'Man arrested in Co Armagh as NCA investigation into cannabis importation continues')
[2025-04-08T16:16:40.293+0000] {logging_mixin.py:188} INFO - (1742385600, 'Man charged in NCA investigation after £1m seized by Border Force at Heathrow Airport')
[2025-04-08T16:16:40.293+0000] {logging_mixin.py:188} INFO - (1742385600, 'Operation Henhouse: 433 arrests and £7.5m seized in national crackdown on fraud')
[2025-04-08T16:16:40.294+0000] {logging_mixin.py:188} INFO - (1741867200, "Northamptonshire man threatened to send victim's indecent images to her family members")
[2025-04-08T16:16:40.294+0000] {logging_mixin.py:188} INFO - Scaping austrac.gov.au : page 1
[2025-04-08T16:16:48.451+0000] {logging_mixin.py:188} INFO - (1741780800, '£100m cocaine plotters guilty of at sea smuggling bid')
[2025-04-08T16:16:48.452+0000] {logging_mixin.py:188} INFO - (1741348800, 'A prison break, a £190m cocaine plot & money laundered through gold – two jailed in latest NCA Operation Venetic case')
[2025-04-08T16:16:48.456+0000] {logging_mixin.py:188} INFO - (1741348800, 'Man jailed over gun parts hidden in 48-year-old car from Pakistan')
[2025-04-08T16:16:48.457+0000] {logging_mixin.py:188} INFO - (1741262400, 'Smugglers prevented from bringing 27 tonnes of cannabis into the UK in 2024')
[2025-04-08T16:16:48.457+0000] {logging_mixin.py:188} INFO - (1741176000, 'Operation Stovewood: Two men jailed for almost 40 years for raping girls at parties')
[2025-04-08T16:16:48.457+0000] {logging_mixin.py:188} INFO - (1744129004, 'Suspected people smuggler wanted in Italy arrested by the NCA')
[2025-04-08T16:16:48.457+0000] {logging_mixin.py:188} INFO - (1744129004, 'Operation Stovewood: Men found guilty of raping girls at parties')
[2025-04-08T16:16:48.458+0000] {logging_mixin.py:188} INFO - (1741003200, 'NCA targets convicted people smugglers with Serious Crime Prevention Orders')
[2025-04-08T16:16:48.458+0000] {logging_mixin.py:188} INFO - (1740657600, 'NCA warning over money laundering linked to people smuggling')
[2025-04-08T16:16:48.458+0000] {logging_mixin.py:188} INFO - (1740571200, 'Firearms and ammunition seized from SUV at Dover')
[2025-04-08T16:16:48.458+0000] {logging_mixin.py:188} INFO - (1740484800, 'Man who downloaded child sexual abuse images as a teen is convicted')
[2025-04-08T16:16:48.459+0000] {logging_mixin.py:188} INFO - (1740484800, 'NCA investigation leads to conviction of gang who forced migrants to work in cannabis farms')
[2025-04-08T16:16:48.459+0000] {logging_mixin.py:188} INFO - (1740398400, 'People smuggling fixer among trio jailed over Channel small boat crossings')
[2025-04-08T16:16:48.459+0000] {logging_mixin.py:188} INFO - (1739793600, 'Man who fled to Spain after being charged with small boat people smuggling convicted')
[2025-04-08T16:16:48.459+0000] {logging_mixin.py:188} INFO - (1739534400, 'Heathrow passenger charged following £400,000 cash find in suitcase')
[2025-04-08T16:16:48.459+0000] {logging_mixin.py:188} INFO - (1739448000, 'Alleged members of small boat people smuggling network arrested in UK')
[2025-04-08T16:16:48.460+0000] {logging_mixin.py:188} INFO - Scaping austrac.gov.au : page 2
[2025-04-08T16:16:56.263+0000] {logging_mixin.py:188} INFO - (1738929600, 'Man jailed after London drugs and cash seizure')
[2025-04-08T16:16:56.264+0000] {logging_mixin.py:188} INFO - (1738843200, 'Four arrested over £80m cocaine haul')
[2025-04-08T16:16:56.264+0000] {logging_mixin.py:188} INFO - (1738843200, 'Migrants rescued and men convicted following international NCA investigation into people smuggling')
[2025-04-08T16:16:56.265+0000] {logging_mixin.py:188} INFO - (1738843200, 'Small boat people smuggling suspects face extradition to France')
[2025-04-08T16:16:56.265+0000] {logging_mixin.py:188} INFO - (1738670400, 'Operation Venetic: Man who killed off-duty police officer laundered millions for organised crime group')
[2025-04-08T16:16:56.265+0000] {logging_mixin.py:188} INFO - (1744129011, 'Couple convicted of £20m drug importation after Ibiza nightclub arrest')
[2025-04-08T16:16:56.265+0000] {logging_mixin.py:188} INFO - (1738324800, 'More than 70 kilos of heroin seized in west London')
[2025-04-08T16:16:56.265+0000] {logging_mixin.py:188} INFO - (1738152000, 'Drug dealer sentenced after Serious Crime Prevention Order breaches')
[2025-04-08T16:16:56.266+0000] {logging_mixin.py:188} INFO - (1738152000, 'Weapons supplier put neighbours in the firing line')
[2025-04-08T16:16:56.266+0000] {logging_mixin.py:188} INFO - (1737979200, 'Website operators who promised fraudsters instant profit if they subscribed to illegal service are sentenced')
[2025-04-08T16:16:56.266+0000] {logging_mixin.py:188} INFO - (1737979200, 'NCA leads major increase in takedowns of social media accounts linked to people smuggling')
[2025-04-08T16:16:56.266+0000] {logging_mixin.py:188} INFO - (1737720000, 'Wigan man who sexually abused young girl is sentenced')
[2025-04-08T16:16:56.266+0000] {logging_mixin.py:188} INFO - (1737633600, 'Operation Venetic: Man who killed off-duty police officer laundered millions for organised crime group')
[2025-04-08T16:16:56.266+0000] {logging_mixin.py:188} INFO - (1744129015, 'Pair jailed for attempt to import a pistol from Florida')
[2025-04-08T16:16:56.267+0000] {logging_mixin.py:188} INFO - (1737460800, "Operation Venetic: 'Bob the dog' drugs traffickers ordered to repay nearly £1.2m")
[2025-04-08T16:16:56.267+0000] {logging_mixin.py:188} INFO - (1737115200, 'People smuggling gang who tried to use rundown boats for cross Channel migrant journeys are jailed')
[2025-04-08T16:16:56.267+0000] {logging_mixin.py:188} INFO - Scaping austrac.gov.au : page 3
[2025-04-08T16:17:03.646+0000] {logging_mixin.py:188} INFO - (1736856000, 'Three arrested as NCA joins security forces in Kurdistan Region of Iraq to target UK-linked people smuggling network')
[2025-04-08T16:17:03.647+0000] {logging_mixin.py:188} INFO - (1736510400, 'Drugs and money seized from car hide in west London')
[2025-04-08T16:17:03.648+0000] {logging_mixin.py:188} INFO - (1736337600, 'Two charged as part of investigation into fraudulent Covid 19 vaccination records')
[2025-04-08T16:17:03.648+0000] {logging_mixin.py:188} INFO - (1744129018, 'Operation Venetic: Leeds-based cocaine and amphetamine production ring dismantled')
[2025-04-08T16:17:03.648+0000] {logging_mixin.py:188} INFO - (1735560000, 'Fugitive members of small boat people smuggling network who transported thousands and sexually abused migrants arrested')
[2025-04-08T16:17:03.648+0000] {logging_mixin.py:188} INFO - (1734955200, 'Gang guilty of importing over half a tonne of cocaine')
[2025-04-08T16:17:03.649+0000] {logging_mixin.py:188} INFO - (1734436800, '"I know it’s wrong” confessed offender who paid to watch the abuse of girls as young as five')
[2025-04-08T16:17:03.649+0000] {logging_mixin.py:188} INFO - (1734350400, 'Operation Venetic: Leading figure of gang that shipped class A drugs between England and Scotland is jailed')
[2025-04-08T16:17:03.649+0000] {logging_mixin.py:188} INFO - (1734091200, 'Dutch man caught on shop CCTV jailed for smuggling ketamine worth £4 million')
[2025-04-08T16:17:03.650+0000] {logging_mixin.py:188} INFO - (1734091200, 'Three men jailed for their roles in crime group behind United Kingdom’s biggest ever drugs conspiracy')
[2025-04-08T16:17:03.650+0000] {logging_mixin.py:188} INFO - (1734004800, 'Drugs boss set up front company for Amazon and Argos goods to smuggle cocaine worth £140m')
[2025-04-08T16:17:03.650+0000] {logging_mixin.py:188} INFO - (1734004800, "Kinahan OCG member's son and accomplice sentenced for firearms concealment plot")
[2025-04-08T16:17:03.651+0000] {logging_mixin.py:188} INFO - (1734004800, 'Twenty firearms seized from suspected gun factory')
[2025-04-08T16:17:03.651+0000] {logging_mixin.py:188} INFO - (1733918400, 'National Crime Agency helps deliver international operation to dismantle cyber crime sites')
[2025-04-08T16:17:03.651+0000] {logging_mixin.py:188} INFO - (1733832000, 'Couple forfeit £12m following NCA investigation')
[2025-04-08T16:17:03.651+0000] {logging_mixin.py:188} INFO - (1733486400, 'Suspected people smuggler detained in Leicester faces extradition')
[2025-04-08T16:17:03.652+0000] {logging_mixin.py:188} INFO - Scaping austrac.gov.au : page 4
[2025-04-08T16:17:11.002+0000] {logging_mixin.py:188} INFO - (1733400000, 'UK, France and Germany target network involved in dangerous Channel boat crossings')
[2025-04-08T16:17:11.003+0000] {logging_mixin.py:188} INFO - (1733313600, 'Operation Stovewood: Brothers guilty of raping girls')
[2025-04-08T16:17:11.003+0000] {logging_mixin.py:188} INFO - (1733313600, 'Operation Destabilise: NCA disrupts $multi-billion Russian money laundering networks with links to, drugs, ransomware and espionage, resulting in 84 arrests')
[2025-04-08T16:17:11.003+0000] {logging_mixin.py:188} INFO - (1733227200, 'Gang jailed for smuggling £210 million of cocaine hidden in banana boxes')
[2025-04-08T16:17:11.004+0000] {logging_mixin.py:188} INFO - (1733227200, 'Operation Venetic: Final member of OCG jailed today after drugs hidden in digger')
[2025-04-08T16:17:11.004+0000] {logging_mixin.py:188} INFO - (1733227200, 'North Lanarkshire man sentenced for smuggling 29,000 skull-shaped ecstasy tablets')
[2025-04-08T16:17:11.004+0000] {logging_mixin.py:188} INFO - (1733140800, "18 convicted in United Kingdom's biggest ever drugs investigation")
[2025-04-08T16:17:11.004+0000] {logging_mixin.py:188} INFO - (1732881600, 'Organised crime group used corrupt port worker in attempt to smuggle cocaine worth £90 million')
[2025-04-08T16:17:11.004+0000] {logging_mixin.py:188} INFO - (1732795200, 'Man from Devon sentenced for sexually assaulting young girl')
[2025-04-08T16:17:11.004+0000] {logging_mixin.py:188} INFO - (1732276800, 'Car wash bosses convicted for roles in people smuggling organisation through Europe')
[2025-04-08T16:17:11.005+0000] {logging_mixin.py:188} INFO - (1732190400, 'Suspected people smuggler extradited to the UK after fleeing to Spain')
[2025-04-08T16:17:11.005+0000] {logging_mixin.py:188} INFO - (1732190400, 'Suspected members of people smuggling network arrested in NCA dawn raids across London')
[2025-04-08T16:17:11.005+0000] {logging_mixin.py:188} INFO - (1732190400, 'NCA arrest man in Wolverhampton as part of operation to take down Europe-wide people smuggling gang')
[2025-04-08T16:17:11.005+0000] {logging_mixin.py:188} INFO - (1731931200, 'Man paid to watch children as young as seven being sexually abused')
[2025-04-08T16:17:11.005+0000] {logging_mixin.py:188} INFO - (1731758400, 'People smuggling gang tried to use rundown boats for cross Channel migrant journeys')
[2025-04-08T16:17:11.006+0000] {logging_mixin.py:188} INFO - (1731672000, 'Firearms smuggler jailed for eight years')
[2025-04-08T16:17:11.006+0000] {logging_mixin.py:188} INFO - Scaping austrac.gov.au : page 5
[2025-04-08T16:17:18.693+0000] {logging_mixin.py:188} INFO - (1731585600, 'Joint investigation sees suspected small boat supplier arrested in the Netherlands')
[2025-04-08T16:17:18.693+0000] {logging_mixin.py:188} INFO - (1731499200, 'Six arrested after multi-million pound Birmingham Airport drug seizure')
[2025-04-08T16:17:18.694+0000] {logging_mixin.py:188} INFO - (1731412800, 'Birmingham-based people smuggling fixer among trio convicted of small boats plot')
[2025-04-08T16:17:18.694+0000] {logging_mixin.py:188} INFO - (1731240000, 'Four arrested over significant cocaine haul in Kent')
[2025-04-08T16:17:18.694+0000] {logging_mixin.py:188} INFO - (1731067200, 'Five Merseyside men jailed over gun plot')
[2025-04-08T16:17:18.694+0000] {logging_mixin.py:188} INFO - (1731067200, 'Man feted as “the best smuggler” convicted of organising Channel small boat crossings')
[2025-04-08T16:17:18.695+0000] {logging_mixin.py:188} INFO - (1730894400, 'Nine NCA arrests during major international operation targeting people smuggling')
[2025-04-08T16:17:18.695+0000] {logging_mixin.py:188} INFO - (1730808000, '18 convicted in France for small boat people smuggling following joint operation involving NCA')
[2025-04-08T16:17:18.695+0000] {logging_mixin.py:188} INFO - (1730808000, 'Operation Stovewood: Man jailed for raping and wounding vulnerable girl')
[2025-04-08T16:17:18.695+0000] {logging_mixin.py:188} INFO - (1730808000, 'NCA marks end of term as Chair of Virtual Global Taskforce')
[2025-04-08T16:17:18.696+0000] {logging_mixin.py:188} INFO - (1730721600, 'Operation Venetic: 35 years in jail for drug dealer who planned to shoot three people')
[2025-04-08T16:17:18.696+0000] {logging_mixin.py:188} INFO - (1730462400, 'Businessman who gave drug suppliers “professional customer service” is jailed')
[2025-04-08T16:17:18.696+0000] {logging_mixin.py:188} INFO - (1730462400, 'Drugs couriers sentenced for Heathrow cannabis seizures')
[2025-04-08T16:17:18.697+0000] {logging_mixin.py:188} INFO - (1730462400, 'Operation Venetic: High-ranking leader of gang that shipped class A drugs between England and Scotland is convicted')
[2025-04-08T16:17:18.697+0000] {logging_mixin.py:188} INFO - (1730289600, 'Man from Devon convicted of sexually assaulting young girl')
[2025-04-08T16:17:18.697+0000] {logging_mixin.py:188} INFO - (1730289600, 'Man jailed after drugs and gun seized')
[2025-04-08T16:17:18.698+0000] {logging_mixin.py:188} INFO - Scaping austrac.gov.au : page 6
[2025-04-08T16:17:26.019+0000] {logging_mixin.py:188} INFO - (1730289600, 'Three charged in suspected PPE fraud worth millions')
[2025-04-08T16:17:26.020+0000] {logging_mixin.py:188} INFO - (1729512000, 'NCA expose drug trafficking operation run through Scunthorpe haulage company')
[2025-04-08T16:17:26.021+0000] {logging_mixin.py:188} INFO - (1729771200, 'Man sentenced following £2 million Heathrow Airport cannabis smuggling attempt')
[2025-04-08T16:17:26.021+0000] {logging_mixin.py:188} INFO - (1729771200, 'Man who stockpiled child abuse images is jailed')
[2025-04-08T16:17:26.021+0000] {logging_mixin.py:188} INFO - (1729771200, 'Amnesty to be held for blank firing guns popular with organised criminals')
[2025-04-08T16:17:26.021+0000] {logging_mixin.py:188} INFO - (1729771200, '80-year-old charged over methamphetamine seizure')
[2025-04-08T16:17:26.022+0000] {logging_mixin.py:188} INFO - (1729684800, 'Arrests following £5 million cannabis haul at Birmingham Airport')
[2025-04-08T16:17:26.022+0000] {logging_mixin.py:188} INFO - (1729684800, 'Man sentenced for blackmailing children into sending abuse images')
[2025-04-08T16:17:26.023+0000] {logging_mixin.py:188} INFO - (1729598400, "Trio sentenced for gun hiding plot in attempt to reduce crime group head's prison sentence")
[2025-04-08T16:17:26.023+0000] {logging_mixin.py:188} INFO - (1729252800, 'Four men sentenced and 1.5 tonnes of cannabis seized in NCA sting operation')
[2025-04-08T16:17:26.023+0000] {logging_mixin.py:188} INFO - (1729166400, 'Paedophile paid woman to live stream sexual abuse on children as young as two')
[2025-04-08T16:17:26.024+0000] {logging_mixin.py:188} INFO - (1729166400, 'Operation Stovewood: Jailed sex offender guilty of raping third girl')
[2025-04-08T16:17:26.024+0000] {logging_mixin.py:188} INFO - (1729080000, 'Private Public Partnership to tackle sexual exploitation')
[2025-04-08T16:17:26.024+0000] {logging_mixin.py:188} INFO - (1729080000, 'NCA return most wanted fugitive to the UK after Portugal arrest')
[2025-04-08T16:17:26.024+0000] {logging_mixin.py:188} INFO - (1728907200, 'Man jailed for using social media to acquire indecent images of children')
[2025-04-08T16:17:26.024+0000] {logging_mixin.py:188} INFO - (1728734400, 'County Antrim man charged with cannabis importation in NCA investigation')
[2025-04-08T16:17:26.025+0000] {logging_mixin.py:188} INFO - Scaping austrac.gov.au : page 7
[2025-04-08T16:17:33.838+0000] {logging_mixin.py:188} INFO - (1744129046, 'Operation Venetic: Two firearms and drugs dealers jailed')
[2025-04-08T16:17:33.839+0000] {logging_mixin.py:188} INFO - (1728475200, 'Six more arrests over £40m cocaine haul')
[2025-04-08T16:17:33.839+0000] {logging_mixin.py:188} INFO - (1726833600, 'Man from Leeds charged after Heathrow Airport cannabis seizure')
[2025-04-08T16:17:33.839+0000] {logging_mixin.py:188} INFO - (1726833600, 'Man jailed for 21 years for abusing children')
[2025-04-08T16:17:33.839+0000] {logging_mixin.py:188} INFO - (1726833600, 'NI man posted himself assault rifle and handguns from the US')
[2025-04-08T16:17:33.840+0000] {logging_mixin.py:188} INFO - (1726747200, 'Arrest in Scotland over Stansted cannabis importations')
[2025-04-08T16:17:33.840+0000] {logging_mixin.py:188} INFO - (1726315200, 'Four men charged after cocaine seized on boat off coast of Cornwall')
[2025-04-08T16:17:33.840+0000] {logging_mixin.py:188} INFO - (1726315200, 'Operation Stovewood: Man jailed for rape in alleyway 21 years ago')
[2025-04-08T16:17:33.840+0000] {logging_mixin.py:188} INFO - (1726228800, 'Operation Stovewood: Seven jailed for total of 106 years for abusing teenage girls')
[2025-04-08T16:17:33.840+0000] {logging_mixin.py:188} INFO - (1726142400, 'Arrest made in NCA investigation into Transport for London cyber attack')
[2025-04-08T16:17:33.841+0000] {logging_mixin.py:188} INFO - (1726142400, 'NCA and European partners seize dangerous lifejackets destined for people smugglers')
[2025-04-08T16:17:33.841+0000] {logging_mixin.py:188} INFO - (1744129051, 'Improving cyber security together')
[2025-04-08T16:17:33.841+0000] {logging_mixin.py:188} INFO - (1725364800, 'NCA publishes updated list of restrictions on serious offenders')
[2025-04-08T16:17:33.841+0000] {logging_mixin.py:188} INFO - (1724846400, 'It’s not worth the risk – jail warning for passengers flying to the UK after increase in cannabis arrests')
[2025-04-08T16:17:33.841+0000] {logging_mixin.py:188} INFO - (1723723200, 'There has never been a more dangerous time to take drugs, says NCA as annual threat assessment is published')
[2025-04-08T16:17:33.842+0000] {logging_mixin.py:188} INFO - (1722686400, '22 years for prolific people smugglers')
[2025-04-08T16:17:33.842+0000] {logging_mixin.py:188} INFO - Scaping austrac.gov.au : page 8
[2025-04-08T16:17:40.927+0000] {logging_mixin.py:188} INFO - (1722340800, 'Arrest follows fatal Channel crossing')
[2025-04-08T16:17:40.928+0000] {logging_mixin.py:188} INFO - (1721995200, 'Ground breaking public private partnership launched to identify criminality using banking data')
[2025-04-08T16:17:40.929+0000] {logging_mixin.py:188} INFO - (1721822400, 'People smuggler who arranged spaces on Channel boat crossings jailed following NCA investigation')
[2025-04-08T16:17:40.929+0000] {logging_mixin.py:188} INFO - (1744129055, "12,000 takedowns as NCA leads blitz on people smugglers' social media accounts")
[2025-04-08T16:17:40.929+0000] {logging_mixin.py:188} INFO - (1721649600, "NCA infiltrates world's most prolific DDoS-for-hire service")
[2025-04-08T16:17:40.929+0000] {logging_mixin.py:188} INFO - (1721390400, 'Brits arrested in major international investigation into 1.5 tonne cocaine importation')
[2025-04-08T16:17:40.930+0000] {logging_mixin.py:188} INFO - (1721044800, 'NCA recovers £5.8m linked to an international money laundering network')
[2025-04-08T16:17:40.930+0000] {logging_mixin.py:188} INFO - (1744129057, 'Three Brits arrested and 36 guns seized in Spanish raid')
[2025-04-08T16:17:40.930+0000] {logging_mixin.py:188} INFO - (1720699200, 'NCA and partners target OCG smuggling people into the UK in ships')
[2025-04-08T16:17:40.931+0000] {logging_mixin.py:188} INFO - (1720008000, 'National Crime Agency leads international operation to degrade illegal versions of Cobalt Strike')
[2025-04-08T16:17:40.931+0000] {logging_mixin.py:188} INFO - (1719748800, 'Chemicals used in manufacture of illegal drugs seized in Liverpool')
[2025-04-08T16:17:40.931+0000] {logging_mixin.py:188} INFO - (1718798400, 'Firearms trainers dismissed after internal investigation')
[2025-04-08T16:17:40.931+0000] {logging_mixin.py:188} INFO - (1744129059, 'NCA uncovers corrupt officials who helped wanted criminals to circumvent international Red Notice system')
[2025-04-08T16:17:40.932+0000] {logging_mixin.py:188} INFO - (1715947200, 'NCA secures first Unexplained Wealth Order in Northern Ireland')
[2025-04-08T16:17:40.932+0000] {logging_mixin.py:188} INFO - (1715083200, 'LockBit leader unmasked and sanctioned')
[2025-04-08T16:17:40.932+0000] {logging_mixin.py:188} INFO - (1714910400, 'Four arrested after half a tonne of cocaine seized')
[2025-04-08T16:17:40.932+0000] {logging_mixin.py:188} INFO - Scaping austrac.gov.au : page 9
[2025-04-08T16:17:48.597+0000] {python.py:237} INFO - Done. Returned value was: []
[2025-04-08T16:17:48.598+0000] {taskinstance.py:441} INFO - ::group::Post task execution logs
[2025-04-08T16:17:48.651+0000] {taskinstance.py:1206} INFO - Marking task as SUCCESS. dag_id=finScraping, task_id=scraper, run_id=manual__2025-04-08T16:16:24.434610+00:00, map_index=0, execution_date=20250408T161624, start_date=20250408T161630, end_date=20250408T161748
[2025-04-08T16:17:48.702+0000] {local_task_job_runner.py:240} INFO - Task exited with return code 0
[2025-04-08T16:17:48.731+0000] {taskinstance.py:3498} INFO - 0 downstream tasks scheduled from follow-on schedule check
[2025-04-08T16:17:48.732+0000] {local_task_job_runner.py:222} INFO - ::endgroup::
