[2025-04-13T18:12:00.681+0000] {local_task_job_runner.py:120} INFO - ::group::Pre task execution logs
[2025-04-13T18:12:00.746+0000] {taskinstance.py:2076} INFO - Dependencies all met for dep_context=non-requeueable deps ti=<TaskInstance: finScraping.scraper manual__2025-04-13T18:11:55.944667+00:00 map_index=0 [queued]>
[2025-04-13T18:12:00.768+0000] {taskinstance.py:2076} INFO - Dependencies all met for dep_context=requeueable deps ti=<TaskInstance: finScraping.scraper manual__2025-04-13T18:11:55.944667+00:00 map_index=0 [queued]>
[2025-04-13T18:12:00.769+0000] {taskinstance.py:2306} INFO - Starting attempt 1 of 2
[2025-04-13T18:12:00.791+0000] {taskinstance.py:2330} INFO - Executing <Mapped(_PythonDecoratedOperator): scraper> on 2025-04-13 18:11:55.944667+00:00
[2025-04-13T18:12:00.801+0000] {standard_task_runner.py:63} INFO - Started process 2286 to run task
[2025-04-13T18:12:00.807+0000] {standard_task_runner.py:90} INFO - Running: ['***', 'tasks', 'run', 'finScraping', 'scraper', 'manual__2025-04-13T18:11:55.944667+00:00', '--job-id', '299', '--raw', '--subdir', 'DAGS_FOLDER/finScrapingDag.py', '--cfg-path', '/tmp/tmpkdkgr0b8', '--map-index', '0']
[2025-04-13T18:12:00.810+0000] {standard_task_runner.py:91} INFO - Job 299: Subtask scraper
[2025-04-13T18:12:00.903+0000] {task_command.py:426} INFO - Running <TaskInstance: finScraping.scraper manual__2025-04-13T18:11:55.944667+00:00 map_index=0 [running]> on host fb0574a6d4a1
[2025-04-13T18:12:01.109+0000] {taskinstance.py:2648} INFO - Exporting env vars: AIRFLOW_CTX_DAG_OWNER='***' AIRFLOW_CTX_DAG_ID='finScraping' AIRFLOW_CTX_TASK_ID='scraper' AIRFLOW_CTX_EXECUTION_DATE='2025-04-13T18:11:55.944667+00:00' AIRFLOW_CTX_TRY_NUMBER='1' AIRFLOW_CTX_DAG_RUN_ID='manual__2025-04-13T18:11:55.944667+00:00'
[2025-04-13T18:12:01.111+0000] {taskinstance.py:430} INFO - ::endgroup::
[2025-04-13T18:12:02.043+0000] {logging_mixin.py:188} INFO - Scaping austrac.gov.au
[2025-04-13T18:12:02.044+0000] {logging_mixin.py:188} INFO - Scaping austrac.gov.au : page 0
[2025-04-13T18:12:37.058+0000] {logging_mixin.py:188} INFO - Scaping austrac.gov.au : page 1
[2025-04-13T18:12:47.520+0000] {python.py:237} INFO - Done. Returned value was: []
[2025-04-13T18:12:47.520+0000] {taskinstance.py:441} INFO - ::group::Post task execution logs
[2025-04-13T18:12:47.543+0000] {taskinstance.py:1206} INFO - Marking task as SUCCESS. dag_id=finScraping, task_id=scraper, run_id=manual__2025-04-13T18:11:55.944667+00:00, map_index=0, execution_date=20250413T181155, start_date=20250413T181200, end_date=20250413T181247
[2025-04-13T18:12:47.586+0000] {local_task_job_runner.py:240} INFO - Task exited with return code 0
[2025-04-13T18:12:47.615+0000] {taskinstance.py:3498} INFO - 0 downstream tasks scheduled from follow-on schedule check
[2025-04-13T18:12:47.616+0000] {local_task_job_runner.py:222} INFO - ::endgroup::
