[2025-04-08T16:21:42.993+0000] {local_task_job_runner.py:120} INFO - ::group::Pre task execution logs
[2025-04-08T16:21:43.020+0000] {taskinstance.py:2076} INFO - Dependencies all met for dep_context=non-requeueable deps ti=<TaskInstance: finScraping.store_articles manual__2025-04-08T16:21:31.541772+00:00 [queued]>
[2025-04-08T16:21:43.030+0000] {taskinstance.py:2076} INFO - Dependencies all met for dep_context=requeueable deps ti=<TaskInstance: finScraping.store_articles manual__2025-04-08T16:21:31.541772+00:00 [queued]>
[2025-04-08T16:21:43.030+0000] {taskinstance.py:2306} INFO - Starting attempt 1 of 2
[2025-04-08T16:21:43.046+0000] {taskinstance.py:2330} INFO - Executing <Task(_PythonDecoratedOperator): store_articles> on 2025-04-08 16:21:31.541772+00:00
[2025-04-08T16:21:43.054+0000] {standard_task_runner.py:63} INFO - Started process 1108 to run task
[2025-04-08T16:21:43.057+0000] {standard_task_runner.py:90} INFO - Running: ['***', 'tasks', 'run', 'finScraping', 'store_articles', 'manual__2025-04-08T16:21:31.541772+00:00', '--job-id', '69', '--raw', '--subdir', 'DAGS_FOLDER/finScrapingDag.py', '--cfg-path', '/tmp/tmphjj5w_td']
[2025-04-08T16:21:43.058+0000] {standard_task_runner.py:91} INFO - Job 69: Subtask store_articles
[2025-04-08T16:21:43.106+0000] {task_command.py:426} INFO - Running <TaskInstance: finScraping.store_articles manual__2025-04-08T16:21:31.541772+00:00 [running]> on host e755bcd4c5c9
[2025-04-08T16:21:43.219+0000] {taskinstance.py:2648} INFO - Exporting env vars: AIRFLOW_CTX_DAG_OWNER='***' AIRFLOW_CTX_DAG_ID='finScraping' AIRFLOW_CTX_TASK_ID='store_articles' AIRFLOW_CTX_EXECUTION_DATE='2025-04-08T16:21:31.541772+00:00' AIRFLOW_CTX_TRY_NUMBER='1' AIRFLOW_CTX_DAG_RUN_ID='manual__2025-04-08T16:21:31.541772+00:00'
[2025-04-08T16:21:43.220+0000] {taskinstance.py:430} INFO - ::endgroup::
[2025-04-08T16:21:43.327+0000] {_transport.py:349} INFO - PUT https://10.10.1.12:9200/articles/_doc/ZJFf34BJ4LGIM9z26PTUzN9cikolRPNOa8S4Hya--Dw%3D [status:201 duration:0.061s]
[2025-04-08T16:21:43.327+0000] {logging_mixin.py:188} INFO - saving article https://www.nationalcrimeagency.gov.uk/news/operation-venetic-drug-dealer-caught-with-five-kilos-of-cocaine-found-to-have-imported-a-further-17m-worth to ES
[2025-04-08T16:21:43.338+0000] {_transport.py:349} INFO - PUT https://10.10.1.12:9200/articles/_doc/P78zzP1YBHdSwOnwu9kDXdgl-oQPHS2G2RdJ4sA0B_E%3D [status:201 duration:0.010s]
[2025-04-08T16:21:43.338+0000] {logging_mixin.py:188} INFO - saving article https://www.nationalcrimeagency.gov.uk/news/career-criminal-back-behind-bars-after-fourth-drug-supply-conviction to ES
[2025-04-08T16:21:43.338+0000] {python.py:237} INFO - Done. Returned value was: None
[2025-04-08T16:21:43.338+0000] {taskinstance.py:441} INFO - ::group::Post task execution logs
[2025-04-08T16:21:43.347+0000] {taskinstance.py:1206} INFO - Marking task as SUCCESS. dag_id=finScraping, task_id=store_articles, run_id=manual__2025-04-08T16:21:31.541772+00:00, execution_date=20250408T162131, start_date=20250408T162143, end_date=20250408T162143
[2025-04-08T16:21:43.390+0000] {local_task_job_runner.py:240} INFO - Task exited with return code 0
[2025-04-08T16:21:43.443+0000] {taskinstance.py:3498} INFO - 0 downstream tasks scheduled from follow-on schedule check
[2025-04-08T16:21:43.444+0000] {local_task_job_runner.py:222} INFO - ::endgroup::
