[2025-04-08T15:44:03.235+0000] {local_task_job_runner.py:120} INFO - ::group::Pre task execution logs
[2025-04-08T15:44:03.266+0000] {taskinstance.py:2076} INFO - Dependencies all met for dep_context=non-requeueable deps ti=<TaskInstance: finScraping.check_sources manual__2025-04-08T15:43:59.570299+00:00 [queued]>
[2025-04-08T15:44:03.278+0000] {taskinstance.py:2076} INFO - Dependencies all met for dep_context=requeueable deps ti=<TaskInstance: finScraping.check_sources manual__2025-04-08T15:43:59.570299+00:00 [queued]>
[2025-04-08T15:44:03.278+0000] {taskinstance.py:2306} INFO - Starting attempt 1 of 2
[2025-04-08T15:44:03.299+0000] {taskinstance.py:2330} INFO - Executing <Task(_PythonDecoratedOperator): check_sources> on 2025-04-08 15:43:59.570299+00:00
[2025-04-08T15:44:03.307+0000] {standard_task_runner.py:63} INFO - Started process 522 to run task
[2025-04-08T15:44:03.310+0000] {standard_task_runner.py:90} INFO - Running: ['***', 'tasks', 'run', 'finScraping', 'check_sources', 'manual__2025-04-08T15:43:59.570299+00:00', '--job-id', '17', '--raw', '--subdir', 'DAGS_FOLDER/finScrapingDag.py', '--cfg-path', '/tmp/tmp84cpa9e4']
[2025-04-08T15:44:03.312+0000] {standard_task_runner.py:91} INFO - Job 17: Subtask check_sources
[2025-04-08T15:44:03.371+0000] {task_command.py:426} INFO - Running <TaskInstance: finScraping.check_sources manual__2025-04-08T15:43:59.570299+00:00 [running]> on host e755bcd4c5c9
[2025-04-08T15:44:03.678+0000] {taskinstance.py:2648} INFO - Exporting env vars: AIRFLOW_CTX_DAG_OWNER='***' AIRFLOW_CTX_DAG_ID='finScraping' AIRFLOW_CTX_TASK_ID='check_sources' AIRFLOW_CTX_EXECUTION_DATE='2025-04-08T15:43:59.570299+00:00' AIRFLOW_CTX_TRY_NUMBER='1' AIRFLOW_CTX_DAG_RUN_ID='manual__2025-04-08T15:43:59.570299+00:00'
[2025-04-08T15:44:03.682+0000] {taskinstance.py:430} INFO - ::endgroup::
[2025-04-08T15:44:03.899+0000] {_transport.py:349} INFO - POST https://10.10.1.12:9200/sources/_update/ZdQOFpYBWUzV57vG-irh [status:200 duration:0.038s]
[2025-04-08T15:44:03.900+0000] {logging_mixin.py:188} INFO - editing source austrac
[2025-04-08T15:44:04.004+0000] {_transport.py:349} INFO - POST https://10.10.1.12:9200/sources/_update/ZtQPFpYBWUzV57vGJyqG [status:200 duration:0.022s]
[2025-04-08T15:44:04.004+0000] {logging_mixin.py:188} INFO - editing source nationalcrimeagency
[2025-04-08T15:44:04.005+0000] {python.py:237} INFO - Done. Returned value was: [{'id': 'ZdQOFpYBWUzV57vG-irh', 'name': 'austrac', 'url': 'austrac.gov.au', 'state': True, 'frequency': 6, 'last_execution': 0}, {'id': 'ZtQPFpYBWUzV57vGJyqG', 'name': 'nationalcrimeagency', 'url': 'nationalcrimeagency.gov.uk', 'state': True, 'frequency': 6, 'last_execution': 0}]
[2025-04-08T15:44:04.005+0000] {taskinstance.py:441} INFO - ::group::Post task execution logs
[2025-04-08T15:44:04.038+0000] {taskinstance.py:1206} INFO - Marking task as SUCCESS. dag_id=finScraping, task_id=check_sources, run_id=manual__2025-04-08T15:43:59.570299+00:00, execution_date=20250408T154359, start_date=20250408T154403, end_date=20250408T154404
[2025-04-08T15:44:04.089+0000] {local_task_job_runner.py:240} INFO - Task exited with return code 0
[2025-04-08T15:44:04.146+0000] {taskinstance.py:3498} INFO - 0 downstream tasks scheduled from follow-on schedule check
[2025-04-08T15:44:04.149+0000] {local_task_job_runner.py:222} INFO - ::endgroup::
