[2025-04-11T01:20:08.446+0000] {processor.py:161} INFO - Started process (PID=5167) to work on /opt/airflow/dags/finScrapingDag.py
[2025-04-11T01:20:08.447+0000] {processor.py:830} INFO - Processing file /opt/airflow/dags/finScrapingDag.py for tasks to queue
[2025-04-11T01:20:08.448+0000] {logging_mixin.py:188} INFO - [2025-04-11T01:20:08.448+0000] {dagbag.py:545} INFO - Filling up the DagBag from /opt/airflow/dags/finScrapingDag.py
[2025-04-11T01:20:09.062+0000] {processor.py:840} INFO - DAG(s) 'finScraping' retrieved from /opt/airflow/dags/finScrapingDag.py
[2025-04-11T01:20:09.220+0000] {logging_mixin.py:188} INFO - [2025-04-11T01:20:09.220+0000] {dag.py:3096} INFO - Sync 1 DAGs
[2025-04-11T01:20:09.249+0000] {logging_mixin.py:188} INFO - [2025-04-11T01:20:09.249+0000] {dag.py:3954} INFO - Setting next_dagrun for finScraping to 2025-04-12 00:00:00+00:00, run_after=2025-04-13 00:00:00+00:00
[2025-04-11T01:20:09.274+0000] {processor.py:183} INFO - Processing /opt/airflow/dags/finScrapingDag.py took 0.843 seconds
[2025-04-11T01:20:39.630+0000] {processor.py:161} INFO - Started process (PID=5180) to work on /opt/airflow/dags/finScrapingDag.py
[2025-04-11T01:20:39.632+0000] {processor.py:830} INFO - Processing file /opt/airflow/dags/finScrapingDag.py for tasks to queue
[2025-04-11T01:20:39.638+0000] {logging_mixin.py:188} INFO - [2025-04-11T01:20:39.637+0000] {dagbag.py:545} INFO - Filling up the DagBag from /opt/airflow/dags/finScrapingDag.py
[2025-04-11T01:20:41.175+0000] {processor.py:840} INFO - DAG(s) 'finScraping' retrieved from /opt/airflow/dags/finScrapingDag.py
[2025-04-11T01:20:41.397+0000] {logging_mixin.py:188} INFO - [2025-04-11T01:20:41.397+0000] {dag.py:3096} INFO - Sync 1 DAGs
[2025-04-11T01:20:41.449+0000] {logging_mixin.py:188} INFO - [2025-04-11T01:20:41.448+0000] {dag.py:3954} INFO - Setting next_dagrun for finScraping to 2025-04-12 00:00:00+00:00, run_after=2025-04-13 00:00:00+00:00
[2025-04-11T01:20:41.481+0000] {processor.py:183} INFO - Processing /opt/airflow/dags/finScrapingDag.py took 1.906 seconds
[2025-04-11T01:21:11.674+0000] {processor.py:161} INFO - Started process (PID=5188) to work on /opt/airflow/dags/finScrapingDag.py
[2025-04-11T01:21:11.675+0000] {processor.py:830} INFO - Processing file /opt/airflow/dags/finScrapingDag.py for tasks to queue
[2025-04-11T01:21:11.676+0000] {logging_mixin.py:188} INFO - [2025-04-11T01:21:11.676+0000] {dagbag.py:545} INFO - Filling up the DagBag from /opt/airflow/dags/finScrapingDag.py
[2025-04-11T01:21:12.214+0000] {processor.py:840} INFO - DAG(s) 'finScraping' retrieved from /opt/airflow/dags/finScrapingDag.py
[2025-04-11T01:21:12.371+0000] {logging_mixin.py:188} INFO - [2025-04-11T01:21:12.370+0000] {dag.py:3096} INFO - Sync 1 DAGs
[2025-04-11T01:21:12.400+0000] {logging_mixin.py:188} INFO - [2025-04-11T01:21:12.400+0000] {dag.py:3954} INFO - Setting next_dagrun for finScraping to 2025-04-12 00:00:00+00:00, run_after=2025-04-13 00:00:00+00:00
[2025-04-11T01:21:12.423+0000] {processor.py:183} INFO - Processing /opt/airflow/dags/finScrapingDag.py took 0.759 seconds
[2025-04-11T01:21:42.697+0000] {processor.py:161} INFO - Started process (PID=5196) to work on /opt/airflow/dags/finScrapingDag.py
[2025-04-11T01:21:42.700+0000] {processor.py:830} INFO - Processing file /opt/airflow/dags/finScrapingDag.py for tasks to queue
[2025-04-11T01:21:42.707+0000] {logging_mixin.py:188} INFO - [2025-04-11T01:21:42.704+0000] {dagbag.py:545} INFO - Filling up the DagBag from /opt/airflow/dags/finScrapingDag.py
[2025-04-11T01:21:43.832+0000] {processor.py:840} INFO - DAG(s) 'finScraping' retrieved from /opt/airflow/dags/finScrapingDag.py
[2025-04-11T01:21:43.983+0000] {logging_mixin.py:188} INFO - [2025-04-11T01:21:43.983+0000] {dag.py:3096} INFO - Sync 1 DAGs
[2025-04-11T01:21:44.006+0000] {logging_mixin.py:188} INFO - [2025-04-11T01:21:44.006+0000] {dag.py:3954} INFO - Setting next_dagrun for finScraping to 2025-04-12 00:00:00+00:00, run_after=2025-04-13 00:00:00+00:00
[2025-04-11T01:21:44.027+0000] {processor.py:183} INFO - Processing /opt/airflow/dags/finScrapingDag.py took 1.397 seconds
[2025-04-11T01:22:14.205+0000] {processor.py:161} INFO - Started process (PID=5204) to work on /opt/airflow/dags/finScrapingDag.py
[2025-04-11T01:22:14.206+0000] {processor.py:830} INFO - Processing file /opt/airflow/dags/finScrapingDag.py for tasks to queue
[2025-04-11T01:22:14.207+0000] {logging_mixin.py:188} INFO - [2025-04-11T01:22:14.207+0000] {dagbag.py:545} INFO - Filling up the DagBag from /opt/airflow/dags/finScrapingDag.py
[2025-04-11T01:22:14.795+0000] {processor.py:840} INFO - DAG(s) 'finScraping' retrieved from /opt/airflow/dags/finScrapingDag.py
[2025-04-11T01:22:14.980+0000] {logging_mixin.py:188} INFO - [2025-04-11T01:22:14.979+0000] {dag.py:3096} INFO - Sync 1 DAGs
[2025-04-11T01:22:15.010+0000] {logging_mixin.py:188} INFO - [2025-04-11T01:22:15.009+0000] {dag.py:3954} INFO - Setting next_dagrun for finScraping to 2025-04-12 00:00:00+00:00, run_after=2025-04-13 00:00:00+00:00
[2025-04-11T01:22:15.034+0000] {processor.py:183} INFO - Processing /opt/airflow/dags/finScrapingDag.py took 0.839 seconds
[2025-04-11T01:22:45.253+0000] {processor.py:161} INFO - Started process (PID=5212) to work on /opt/airflow/dags/finScrapingDag.py
[2025-04-11T01:22:45.255+0000] {processor.py:830} INFO - Processing file /opt/airflow/dags/finScrapingDag.py for tasks to queue
[2025-04-11T01:22:45.256+0000] {logging_mixin.py:188} INFO - [2025-04-11T01:22:45.255+0000] {dagbag.py:545} INFO - Filling up the DagBag from /opt/airflow/dags/finScrapingDag.py
[2025-04-11T01:22:45.792+0000] {processor.py:840} INFO - DAG(s) 'finScraping' retrieved from /opt/airflow/dags/finScrapingDag.py
[2025-04-11T01:22:46.015+0000] {logging_mixin.py:188} INFO - [2025-04-11T01:22:46.014+0000] {dag.py:3096} INFO - Sync 1 DAGs
[2025-04-11T01:22:46.051+0000] {logging_mixin.py:188} INFO - [2025-04-11T01:22:46.051+0000] {dag.py:3954} INFO - Setting next_dagrun for finScraping to 2025-04-12 00:00:00+00:00, run_after=2025-04-13 00:00:00+00:00
[2025-04-11T01:22:46.081+0000] {processor.py:183} INFO - Processing /opt/airflow/dags/finScrapingDag.py took 0.840 seconds
[2025-04-11T01:23:16.262+0000] {processor.py:161} INFO - Started process (PID=5220) to work on /opt/airflow/dags/finScrapingDag.py
[2025-04-11T01:23:16.264+0000] {processor.py:830} INFO - Processing file /opt/airflow/dags/finScrapingDag.py for tasks to queue
[2025-04-11T01:23:16.266+0000] {logging_mixin.py:188} INFO - [2025-04-11T01:23:16.265+0000] {dagbag.py:545} INFO - Filling up the DagBag from /opt/airflow/dags/finScrapingDag.py
[2025-04-11T01:23:16.795+0000] {processor.py:840} INFO - DAG(s) 'finScraping' retrieved from /opt/airflow/dags/finScrapingDag.py
[2025-04-11T01:23:16.987+0000] {logging_mixin.py:188} INFO - [2025-04-11T01:23:16.986+0000] {dag.py:3096} INFO - Sync 1 DAGs
[2025-04-11T01:23:17.023+0000] {logging_mixin.py:188} INFO - [2025-04-11T01:23:17.023+0000] {dag.py:3954} INFO - Setting next_dagrun for finScraping to 2025-04-12 00:00:00+00:00, run_after=2025-04-13 00:00:00+00:00
[2025-04-11T01:23:17.053+0000] {processor.py:183} INFO - Processing /opt/airflow/dags/finScrapingDag.py took 0.802 seconds
[2025-04-11T01:23:47.253+0000] {processor.py:161} INFO - Started process (PID=5228) to work on /opt/airflow/dags/finScrapingDag.py
[2025-04-11T01:23:47.254+0000] {processor.py:830} INFO - Processing file /opt/airflow/dags/finScrapingDag.py for tasks to queue
[2025-04-11T01:23:47.257+0000] {logging_mixin.py:188} INFO - [2025-04-11T01:23:47.255+0000] {dagbag.py:545} INFO - Filling up the DagBag from /opt/airflow/dags/finScrapingDag.py
[2025-04-11T01:23:47.876+0000] {processor.py:840} INFO - DAG(s) 'finScraping' retrieved from /opt/airflow/dags/finScrapingDag.py
[2025-04-11T01:23:48.164+0000] {logging_mixin.py:188} INFO - [2025-04-11T01:23:48.164+0000] {dag.py:3096} INFO - Sync 1 DAGs
[2025-04-11T01:23:48.208+0000] {logging_mixin.py:188} INFO - [2025-04-11T01:23:48.208+0000] {dag.py:3954} INFO - Setting next_dagrun for finScraping to 2025-04-12 00:00:00+00:00, run_after=2025-04-13 00:00:00+00:00
[2025-04-11T01:23:48.245+0000] {processor.py:183} INFO - Processing /opt/airflow/dags/finScrapingDag.py took 1.005 seconds
[2025-04-11T01:24:18.432+0000] {processor.py:161} INFO - Started process (PID=5236) to work on /opt/airflow/dags/finScrapingDag.py
[2025-04-11T01:24:18.435+0000] {processor.py:830} INFO - Processing file /opt/airflow/dags/finScrapingDag.py for tasks to queue
[2025-04-11T01:24:18.437+0000] {logging_mixin.py:188} INFO - [2025-04-11T01:24:18.436+0000] {dagbag.py:545} INFO - Filling up the DagBag from /opt/airflow/dags/finScrapingDag.py
[2025-04-11T01:24:19.113+0000] {processor.py:840} INFO - DAG(s) 'finScraping' retrieved from /opt/airflow/dags/finScrapingDag.py
[2025-04-11T01:24:19.387+0000] {logging_mixin.py:188} INFO - [2025-04-11T01:24:19.386+0000] {dag.py:3096} INFO - Sync 1 DAGs
[2025-04-11T01:24:19.423+0000] {logging_mixin.py:188} INFO - [2025-04-11T01:24:19.422+0000] {dag.py:3954} INFO - Setting next_dagrun for finScraping to 2025-04-12 00:00:00+00:00, run_after=2025-04-13 00:00:00+00:00
[2025-04-11T01:24:19.452+0000] {processor.py:183} INFO - Processing /opt/airflow/dags/finScrapingDag.py took 1.036 seconds
[2025-04-11T01:24:49.697+0000] {processor.py:161} INFO - Started process (PID=5244) to work on /opt/airflow/dags/finScrapingDag.py
[2025-04-11T01:24:49.701+0000] {processor.py:830} INFO - Processing file /opt/airflow/dags/finScrapingDag.py for tasks to queue
[2025-04-11T01:24:49.713+0000] {logging_mixin.py:188} INFO - [2025-04-11T01:24:49.709+0000] {dagbag.py:545} INFO - Filling up the DagBag from /opt/airflow/dags/finScrapingDag.py
[2025-04-11T01:24:51.115+0000] {processor.py:840} INFO - DAG(s) 'finScraping' retrieved from /opt/airflow/dags/finScrapingDag.py
[2025-04-11T01:24:52.152+0000] {logging_mixin.py:188} INFO - [2025-04-11T01:24:52.140+0000] {dag.py:3096} INFO - Sync 1 DAGs
[2025-04-11T01:24:52.351+0000] {logging_mixin.py:188} INFO - [2025-04-11T01:24:52.344+0000] {dag.py:3954} INFO - Setting next_dagrun for finScraping to 2025-04-12 00:00:00+00:00, run_after=2025-04-13 00:00:00+00:00
[2025-04-11T01:24:52.426+0000] {processor.py:183} INFO - Processing /opt/airflow/dags/finScrapingDag.py took 2.767 seconds
[2025-04-11T01:25:22.649+0000] {processor.py:161} INFO - Started process (PID=5252) to work on /opt/airflow/dags/finScrapingDag.py
[2025-04-11T01:25:22.651+0000] {processor.py:830} INFO - Processing file /opt/airflow/dags/finScrapingDag.py for tasks to queue
[2025-04-11T01:25:22.654+0000] {logging_mixin.py:188} INFO - [2025-04-11T01:25:22.651+0000] {dagbag.py:545} INFO - Filling up the DagBag from /opt/airflow/dags/finScrapingDag.py
[2025-04-11T01:25:23.388+0000] {processor.py:840} INFO - DAG(s) 'finScraping' retrieved from /opt/airflow/dags/finScrapingDag.py
[2025-04-11T01:25:23.660+0000] {logging_mixin.py:188} INFO - [2025-04-11T01:25:23.660+0000] {dag.py:3096} INFO - Sync 1 DAGs
[2025-04-11T01:25:23.690+0000] {logging_mixin.py:188} INFO - [2025-04-11T01:25:23.690+0000] {dag.py:3954} INFO - Setting next_dagrun for finScraping to 2025-04-12 00:00:00+00:00, run_after=2025-04-13 00:00:00+00:00
[2025-04-11T01:25:23.719+0000] {processor.py:183} INFO - Processing /opt/airflow/dags/finScrapingDag.py took 1.087 seconds
[2025-04-11T01:25:53.855+0000] {processor.py:161} INFO - Started process (PID=5260) to work on /opt/airflow/dags/finScrapingDag.py
[2025-04-11T01:25:53.858+0000] {processor.py:830} INFO - Processing file /opt/airflow/dags/finScrapingDag.py for tasks to queue
[2025-04-11T01:25:53.863+0000] {logging_mixin.py:188} INFO - [2025-04-11T01:25:53.860+0000] {dagbag.py:545} INFO - Filling up the DagBag from /opt/airflow/dags/finScrapingDag.py
[2025-04-11T01:25:54.458+0000] {processor.py:840} INFO - DAG(s) 'finScraping' retrieved from /opt/airflow/dags/finScrapingDag.py
[2025-04-11T01:25:54.825+0000] {logging_mixin.py:188} INFO - [2025-04-11T01:25:54.822+0000] {dag.py:3096} INFO - Sync 1 DAGs
[2025-04-11T01:25:54.863+0000] {logging_mixin.py:188} INFO - [2025-04-11T01:25:54.863+0000] {dag.py:3954} INFO - Setting next_dagrun for finScraping to 2025-04-12 00:00:00+00:00, run_after=2025-04-13 00:00:00+00:00
[2025-04-11T01:25:54.890+0000] {processor.py:183} INFO - Processing /opt/airflow/dags/finScrapingDag.py took 1.068 seconds
[2025-04-11T01:26:25.083+0000] {processor.py:161} INFO - Started process (PID=5268) to work on /opt/airflow/dags/finScrapingDag.py
[2025-04-11T01:26:25.084+0000] {processor.py:830} INFO - Processing file /opt/airflow/dags/finScrapingDag.py for tasks to queue
[2025-04-11T01:26:25.085+0000] {logging_mixin.py:188} INFO - [2025-04-11T01:26:25.085+0000] {dagbag.py:545} INFO - Filling up the DagBag from /opt/airflow/dags/finScrapingDag.py
[2025-04-11T01:26:25.581+0000] {processor.py:840} INFO - DAG(s) 'finScraping' retrieved from /opt/airflow/dags/finScrapingDag.py
[2025-04-11T01:26:25.755+0000] {logging_mixin.py:188} INFO - [2025-04-11T01:26:25.755+0000] {dag.py:3096} INFO - Sync 1 DAGs
[2025-04-11T01:26:25.789+0000] {logging_mixin.py:188} INFO - [2025-04-11T01:26:25.788+0000] {dag.py:3954} INFO - Setting next_dagrun for finScraping to 2025-04-12 00:00:00+00:00, run_after=2025-04-13 00:00:00+00:00
[2025-04-11T01:26:25.811+0000] {processor.py:183} INFO - Processing /opt/airflow/dags/finScrapingDag.py took 0.742 seconds
[2025-04-11T01:26:56.050+0000] {processor.py:161} INFO - Started process (PID=5282) to work on /opt/airflow/dags/finScrapingDag.py
[2025-04-11T01:26:56.052+0000] {processor.py:830} INFO - Processing file /opt/airflow/dags/finScrapingDag.py for tasks to queue
[2025-04-11T01:26:56.054+0000] {logging_mixin.py:188} INFO - [2025-04-11T01:26:56.053+0000] {dagbag.py:545} INFO - Filling up the DagBag from /opt/airflow/dags/finScrapingDag.py
[2025-04-11T01:26:56.518+0000] {processor.py:840} INFO - DAG(s) 'finScraping' retrieved from /opt/airflow/dags/finScrapingDag.py
[2025-04-11T01:26:56.687+0000] {logging_mixin.py:188} INFO - [2025-04-11T01:26:56.687+0000] {dag.py:3096} INFO - Sync 1 DAGs
[2025-04-11T01:26:56.710+0000] {logging_mixin.py:188} INFO - [2025-04-11T01:26:56.709+0000] {dag.py:3954} INFO - Setting next_dagrun for finScraping to 2025-04-12 00:00:00+00:00, run_after=2025-04-13 00:00:00+00:00
[2025-04-11T01:26:56.730+0000] {processor.py:183} INFO - Processing /opt/airflow/dags/finScrapingDag.py took 0.693 seconds
[2025-04-11T01:27:26.972+0000] {processor.py:161} INFO - Started process (PID=5290) to work on /opt/airflow/dags/finScrapingDag.py
[2025-04-11T01:27:26.973+0000] {processor.py:830} INFO - Processing file /opt/airflow/dags/finScrapingDag.py for tasks to queue
[2025-04-11T01:27:26.974+0000] {logging_mixin.py:188} INFO - [2025-04-11T01:27:26.974+0000] {dagbag.py:545} INFO - Filling up the DagBag from /opt/airflow/dags/finScrapingDag.py
[2025-04-11T01:27:27.536+0000] {processor.py:840} INFO - DAG(s) 'finScraping' retrieved from /opt/airflow/dags/finScrapingDag.py
[2025-04-11T01:27:27.706+0000] {logging_mixin.py:188} INFO - [2025-04-11T01:27:27.706+0000] {dag.py:3096} INFO - Sync 1 DAGs
[2025-04-11T01:27:27.737+0000] {logging_mixin.py:188} INFO - [2025-04-11T01:27:27.737+0000] {dag.py:3954} INFO - Setting next_dagrun for finScraping to 2025-04-12 00:00:00+00:00, run_after=2025-04-13 00:00:00+00:00
[2025-04-11T01:27:27.766+0000] {processor.py:183} INFO - Processing /opt/airflow/dags/finScrapingDag.py took 0.807 seconds
[2025-04-11T01:27:58.001+0000] {processor.py:161} INFO - Started process (PID=5298) to work on /opt/airflow/dags/finScrapingDag.py
[2025-04-11T01:27:58.003+0000] {processor.py:830} INFO - Processing file /opt/airflow/dags/finScrapingDag.py for tasks to queue
[2025-04-11T01:27:58.004+0000] {logging_mixin.py:188} INFO - [2025-04-11T01:27:58.003+0000] {dagbag.py:545} INFO - Filling up the DagBag from /opt/airflow/dags/finScrapingDag.py
[2025-04-11T01:27:58.467+0000] {processor.py:840} INFO - DAG(s) 'finScraping' retrieved from /opt/airflow/dags/finScrapingDag.py
[2025-04-11T01:27:58.638+0000] {logging_mixin.py:188} INFO - [2025-04-11T01:27:58.637+0000] {dag.py:3096} INFO - Sync 1 DAGs
[2025-04-11T01:27:58.673+0000] {logging_mixin.py:188} INFO - [2025-04-11T01:27:58.673+0000] {dag.py:3954} INFO - Setting next_dagrun for finScraping to 2025-04-12 00:00:00+00:00, run_after=2025-04-13 00:00:00+00:00
[2025-04-11T01:27:58.704+0000] {processor.py:183} INFO - Processing /opt/airflow/dags/finScrapingDag.py took 0.712 seconds
[2025-04-11T01:28:28.923+0000] {processor.py:161} INFO - Started process (PID=5306) to work on /opt/airflow/dags/finScrapingDag.py
[2025-04-11T01:28:28.925+0000] {processor.py:830} INFO - Processing file /opt/airflow/dags/finScrapingDag.py for tasks to queue
[2025-04-11T01:28:28.926+0000] {logging_mixin.py:188} INFO - [2025-04-11T01:28:28.926+0000] {dagbag.py:545} INFO - Filling up the DagBag from /opt/airflow/dags/finScrapingDag.py
[2025-04-11T01:28:29.457+0000] {processor.py:840} INFO - DAG(s) 'finScraping' retrieved from /opt/airflow/dags/finScrapingDag.py
[2025-04-11T01:28:29.661+0000] {logging_mixin.py:188} INFO - [2025-04-11T01:28:29.660+0000] {dag.py:3096} INFO - Sync 1 DAGs
[2025-04-11T01:28:29.696+0000] {logging_mixin.py:188} INFO - [2025-04-11T01:28:29.696+0000] {dag.py:3954} INFO - Setting next_dagrun for finScraping to 2025-04-12 00:00:00+00:00, run_after=2025-04-13 00:00:00+00:00
[2025-04-11T01:28:29.725+0000] {processor.py:183} INFO - Processing /opt/airflow/dags/finScrapingDag.py took 0.817 seconds
[2025-04-11T01:28:59.990+0000] {processor.py:161} INFO - Started process (PID=5314) to work on /opt/airflow/dags/finScrapingDag.py
[2025-04-11T01:28:59.991+0000] {processor.py:830} INFO - Processing file /opt/airflow/dags/finScrapingDag.py for tasks to queue
[2025-04-11T01:28:59.992+0000] {logging_mixin.py:188} INFO - [2025-04-11T01:28:59.992+0000] {dagbag.py:545} INFO - Filling up the DagBag from /opt/airflow/dags/finScrapingDag.py
[2025-04-11T01:29:00.456+0000] {processor.py:840} INFO - DAG(s) 'finScraping' retrieved from /opt/airflow/dags/finScrapingDag.py
[2025-04-11T01:29:00.593+0000] {logging_mixin.py:188} INFO - [2025-04-11T01:29:00.592+0000] {dag.py:3096} INFO - Sync 1 DAGs
[2025-04-11T01:29:00.619+0000] {logging_mixin.py:188} INFO - [2025-04-11T01:29:00.618+0000] {dag.py:3954} INFO - Setting next_dagrun for finScraping to 2025-04-12 00:00:00+00:00, run_after=2025-04-13 00:00:00+00:00
[2025-04-11T01:29:00.639+0000] {processor.py:183} INFO - Processing /opt/airflow/dags/finScrapingDag.py took 0.661 seconds
[2025-04-11T01:29:30.886+0000] {processor.py:161} INFO - Started process (PID=5322) to work on /opt/airflow/dags/finScrapingDag.py
[2025-04-11T01:29:30.887+0000] {processor.py:830} INFO - Processing file /opt/airflow/dags/finScrapingDag.py for tasks to queue
[2025-04-11T01:29:30.888+0000] {logging_mixin.py:188} INFO - [2025-04-11T01:29:30.887+0000] {dagbag.py:545} INFO - Filling up the DagBag from /opt/airflow/dags/finScrapingDag.py
[2025-04-11T01:29:31.346+0000] {processor.py:840} INFO - DAG(s) 'finScraping' retrieved from /opt/airflow/dags/finScrapingDag.py
[2025-04-11T01:29:31.518+0000] {logging_mixin.py:188} INFO - [2025-04-11T01:29:31.517+0000] {dag.py:3096} INFO - Sync 1 DAGs
[2025-04-11T01:29:31.540+0000] {logging_mixin.py:188} INFO - [2025-04-11T01:29:31.540+0000] {dag.py:3954} INFO - Setting next_dagrun for finScraping to 2025-04-12 00:00:00+00:00, run_after=2025-04-13 00:00:00+00:00
[2025-04-11T01:29:31.560+0000] {processor.py:183} INFO - Processing /opt/airflow/dags/finScrapingDag.py took 0.684 seconds
[2025-04-11T01:30:01.814+0000] {processor.py:161} INFO - Started process (PID=5330) to work on /opt/airflow/dags/finScrapingDag.py
[2025-04-11T01:30:01.815+0000] {processor.py:830} INFO - Processing file /opt/airflow/dags/finScrapingDag.py for tasks to queue
[2025-04-11T01:30:01.817+0000] {logging_mixin.py:188} INFO - [2025-04-11T01:30:01.816+0000] {dagbag.py:545} INFO - Filling up the DagBag from /opt/airflow/dags/finScrapingDag.py
[2025-04-11T01:30:02.276+0000] {processor.py:840} INFO - DAG(s) 'finScraping' retrieved from /opt/airflow/dags/finScrapingDag.py
[2025-04-11T01:30:02.434+0000] {logging_mixin.py:188} INFO - [2025-04-11T01:30:02.434+0000] {dag.py:3096} INFO - Sync 1 DAGs
[2025-04-11T01:30:02.457+0000] {logging_mixin.py:188} INFO - [2025-04-11T01:30:02.457+0000] {dag.py:3954} INFO - Setting next_dagrun for finScraping to 2025-04-12 00:00:00+00:00, run_after=2025-04-13 00:00:00+00:00
[2025-04-11T01:30:02.478+0000] {processor.py:183} INFO - Processing /opt/airflow/dags/finScrapingDag.py took 0.674 seconds
[2025-04-11T01:30:32.615+0000] {processor.py:161} INFO - Started process (PID=5338) to work on /opt/airflow/dags/finScrapingDag.py
[2025-04-11T01:30:32.617+0000] {processor.py:830} INFO - Processing file /opt/airflow/dags/finScrapingDag.py for tasks to queue
[2025-04-11T01:30:32.618+0000] {logging_mixin.py:188} INFO - [2025-04-11T01:30:32.617+0000] {dagbag.py:545} INFO - Filling up the DagBag from /opt/airflow/dags/finScrapingDag.py
[2025-04-11T01:30:33.081+0000] {processor.py:840} INFO - DAG(s) 'finScraping' retrieved from /opt/airflow/dags/finScrapingDag.py
[2025-04-11T01:30:33.243+0000] {logging_mixin.py:188} INFO - [2025-04-11T01:30:33.243+0000] {dag.py:3096} INFO - Sync 1 DAGs
[2025-04-11T01:30:33.266+0000] {logging_mixin.py:188} INFO - [2025-04-11T01:30:33.266+0000] {dag.py:3954} INFO - Setting next_dagrun for finScraping to 2025-04-12 00:00:00+00:00, run_after=2025-04-13 00:00:00+00:00
[2025-04-11T01:30:33.300+0000] {processor.py:183} INFO - Processing /opt/airflow/dags/finScrapingDag.py took 0.694 seconds
[2025-04-11T01:31:03.541+0000] {processor.py:161} INFO - Started process (PID=5346) to work on /opt/airflow/dags/finScrapingDag.py
[2025-04-11T01:31:03.542+0000] {processor.py:830} INFO - Processing file /opt/airflow/dags/finScrapingDag.py for tasks to queue
[2025-04-11T01:31:03.543+0000] {logging_mixin.py:188} INFO - [2025-04-11T01:31:03.543+0000] {dagbag.py:545} INFO - Filling up the DagBag from /opt/airflow/dags/finScrapingDag.py
[2025-04-11T01:31:04.059+0000] {processor.py:840} INFO - DAG(s) 'finScraping' retrieved from /opt/airflow/dags/finScrapingDag.py
[2025-04-11T01:31:04.227+0000] {logging_mixin.py:188} INFO - [2025-04-11T01:31:04.227+0000] {dag.py:3096} INFO - Sync 1 DAGs
[2025-04-11T01:31:04.251+0000] {logging_mixin.py:188} INFO - [2025-04-11T01:31:04.251+0000] {dag.py:3954} INFO - Setting next_dagrun for finScraping to 2025-04-12 00:00:00+00:00, run_after=2025-04-13 00:00:00+00:00
[2025-04-11T01:31:04.274+0000] {processor.py:183} INFO - Processing /opt/airflow/dags/finScrapingDag.py took 0.744 seconds
[2025-04-11T01:31:34.542+0000] {processor.py:161} INFO - Started process (PID=5354) to work on /opt/airflow/dags/finScrapingDag.py
[2025-04-11T01:31:34.543+0000] {processor.py:830} INFO - Processing file /opt/airflow/dags/finScrapingDag.py for tasks to queue
[2025-04-11T01:31:34.545+0000] {logging_mixin.py:188} INFO - [2025-04-11T01:31:34.544+0000] {dagbag.py:545} INFO - Filling up the DagBag from /opt/airflow/dags/finScrapingDag.py
[2025-04-11T01:31:35.012+0000] {processor.py:840} INFO - DAG(s) 'finScraping' retrieved from /opt/airflow/dags/finScrapingDag.py
[2025-04-11T01:31:35.182+0000] {logging_mixin.py:188} INFO - [2025-04-11T01:31:35.182+0000] {dag.py:3096} INFO - Sync 1 DAGs
[2025-04-11T01:31:35.207+0000] {logging_mixin.py:188} INFO - [2025-04-11T01:31:35.207+0000] {dag.py:3954} INFO - Setting next_dagrun for finScraping to 2025-04-12 00:00:00+00:00, run_after=2025-04-13 00:00:00+00:00
[2025-04-11T01:31:35.231+0000] {processor.py:183} INFO - Processing /opt/airflow/dags/finScrapingDag.py took 0.699 seconds
[2025-04-11T01:32:05.290+0000] {processor.py:161} INFO - Started process (PID=5362) to work on /opt/airflow/dags/finScrapingDag.py
[2025-04-11T01:32:05.292+0000] {processor.py:830} INFO - Processing file /opt/airflow/dags/finScrapingDag.py for tasks to queue
[2025-04-11T01:32:05.293+0000] {logging_mixin.py:188} INFO - [2025-04-11T01:32:05.293+0000] {dagbag.py:545} INFO - Filling up the DagBag from /opt/airflow/dags/finScrapingDag.py
[2025-04-11T01:32:05.893+0000] {processor.py:840} INFO - DAG(s) 'finScraping' retrieved from /opt/airflow/dags/finScrapingDag.py
[2025-04-11T01:32:06.217+0000] {logging_mixin.py:188} INFO - [2025-04-11T01:32:06.212+0000] {dag.py:3096} INFO - Sync 1 DAGs
[2025-04-11T01:32:06.258+0000] {logging_mixin.py:188} INFO - [2025-04-11T01:32:06.258+0000] {dag.py:3954} INFO - Setting next_dagrun for finScraping to 2025-04-12 00:00:00+00:00, run_after=2025-04-13 00:00:00+00:00
[2025-04-11T01:32:06.289+0000] {processor.py:183} INFO - Processing /opt/airflow/dags/finScrapingDag.py took 1.009 seconds
[2025-04-11T01:32:36.535+0000] {processor.py:161} INFO - Started process (PID=5370) to work on /opt/airflow/dags/finScrapingDag.py
[2025-04-11T01:32:36.537+0000] {processor.py:830} INFO - Processing file /opt/airflow/dags/finScrapingDag.py for tasks to queue
[2025-04-11T01:32:36.539+0000] {logging_mixin.py:188} INFO - [2025-04-11T01:32:36.538+0000] {dagbag.py:545} INFO - Filling up the DagBag from /opt/airflow/dags/finScrapingDag.py
[2025-04-11T01:32:37.097+0000] {processor.py:840} INFO - DAG(s) 'finScraping' retrieved from /opt/airflow/dags/finScrapingDag.py
[2025-04-11T01:32:37.361+0000] {logging_mixin.py:188} INFO - [2025-04-11T01:32:37.361+0000] {dag.py:3096} INFO - Sync 1 DAGs
[2025-04-11T01:32:37.393+0000] {logging_mixin.py:188} INFO - [2025-04-11T01:32:37.392+0000] {dag.py:3954} INFO - Setting next_dagrun for finScraping to 2025-04-12 00:00:00+00:00, run_after=2025-04-13 00:00:00+00:00
[2025-04-11T01:32:37.419+0000] {processor.py:183} INFO - Processing /opt/airflow/dags/finScrapingDag.py took 0.902 seconds
[2025-04-11T01:33:07.653+0000] {processor.py:161} INFO - Started process (PID=5378) to work on /opt/airflow/dags/finScrapingDag.py
[2025-04-11T01:33:07.655+0000] {processor.py:830} INFO - Processing file /opt/airflow/dags/finScrapingDag.py for tasks to queue
[2025-04-11T01:33:07.655+0000] {logging_mixin.py:188} INFO - [2025-04-11T01:33:07.655+0000] {dagbag.py:545} INFO - Filling up the DagBag from /opt/airflow/dags/finScrapingDag.py
[2025-04-11T01:33:08.125+0000] {processor.py:840} INFO - DAG(s) 'finScraping' retrieved from /opt/airflow/dags/finScrapingDag.py
[2025-04-11T01:33:08.282+0000] {logging_mixin.py:188} INFO - [2025-04-11T01:33:08.281+0000] {dag.py:3096} INFO - Sync 1 DAGs
[2025-04-11T01:33:08.305+0000] {logging_mixin.py:188} INFO - [2025-04-11T01:33:08.305+0000] {dag.py:3954} INFO - Setting next_dagrun for finScraping to 2025-04-12 00:00:00+00:00, run_after=2025-04-13 00:00:00+00:00
[2025-04-11T01:33:08.326+0000] {processor.py:183} INFO - Processing /opt/airflow/dags/finScrapingDag.py took 0.683 seconds
[2025-04-11T01:33:38.590+0000] {processor.py:161} INFO - Started process (PID=5386) to work on /opt/airflow/dags/finScrapingDag.py
[2025-04-11T01:33:38.592+0000] {processor.py:830} INFO - Processing file /opt/airflow/dags/finScrapingDag.py for tasks to queue
[2025-04-11T01:33:38.593+0000] {logging_mixin.py:188} INFO - [2025-04-11T01:33:38.592+0000] {dagbag.py:545} INFO - Filling up the DagBag from /opt/airflow/dags/finScrapingDag.py
[2025-04-11T01:33:39.060+0000] {processor.py:840} INFO - DAG(s) 'finScraping' retrieved from /opt/airflow/dags/finScrapingDag.py
[2025-04-11T01:33:39.207+0000] {logging_mixin.py:188} INFO - [2025-04-11T01:33:39.207+0000] {dag.py:3096} INFO - Sync 1 DAGs
[2025-04-11T01:33:39.235+0000] {logging_mixin.py:188} INFO - [2025-04-11T01:33:39.235+0000] {dag.py:3954} INFO - Setting next_dagrun for finScraping to 2025-04-12 00:00:00+00:00, run_after=2025-04-13 00:00:00+00:00
[2025-04-11T01:33:39.262+0000] {processor.py:183} INFO - Processing /opt/airflow/dags/finScrapingDag.py took 0.682 seconds
[2025-04-11T01:34:09.483+0000] {processor.py:161} INFO - Started process (PID=5394) to work on /opt/airflow/dags/finScrapingDag.py
[2025-04-11T01:34:09.484+0000] {processor.py:830} INFO - Processing file /opt/airflow/dags/finScrapingDag.py for tasks to queue
[2025-04-11T01:34:09.485+0000] {logging_mixin.py:188} INFO - [2025-04-11T01:34:09.485+0000] {dagbag.py:545} INFO - Filling up the DagBag from /opt/airflow/dags/finScrapingDag.py
[2025-04-11T01:34:10.169+0000] {processor.py:840} INFO - DAG(s) 'finScraping' retrieved from /opt/airflow/dags/finScrapingDag.py
[2025-04-11T01:34:10.382+0000] {logging_mixin.py:188} INFO - [2025-04-11T01:34:10.381+0000] {dag.py:3096} INFO - Sync 1 DAGs
[2025-04-11T01:34:10.416+0000] {logging_mixin.py:188} INFO - [2025-04-11T01:34:10.416+0000] {dag.py:3954} INFO - Setting next_dagrun for finScraping to 2025-04-12 00:00:00+00:00, run_after=2025-04-13 00:00:00+00:00
[2025-04-11T01:34:10.441+0000] {processor.py:183} INFO - Processing /opt/airflow/dags/finScrapingDag.py took 0.967 seconds
[2025-04-11T01:34:40.659+0000] {processor.py:161} INFO - Started process (PID=5402) to work on /opt/airflow/dags/finScrapingDag.py
[2025-04-11T01:34:40.660+0000] {processor.py:830} INFO - Processing file /opt/airflow/dags/finScrapingDag.py for tasks to queue
[2025-04-11T01:34:40.662+0000] {logging_mixin.py:188} INFO - [2025-04-11T01:34:40.661+0000] {dagbag.py:545} INFO - Filling up the DagBag from /opt/airflow/dags/finScrapingDag.py
[2025-04-11T01:34:41.206+0000] {processor.py:840} INFO - DAG(s) 'finScraping' retrieved from /opt/airflow/dags/finScrapingDag.py
[2025-04-11T01:34:41.443+0000] {logging_mixin.py:188} INFO - [2025-04-11T01:34:41.443+0000] {dag.py:3096} INFO - Sync 1 DAGs
[2025-04-11T01:34:41.476+0000] {logging_mixin.py:188} INFO - [2025-04-11T01:34:41.476+0000] {dag.py:3954} INFO - Setting next_dagrun for finScraping to 2025-04-12 00:00:00+00:00, run_after=2025-04-13 00:00:00+00:00
[2025-04-11T01:34:41.500+0000] {processor.py:183} INFO - Processing /opt/airflow/dags/finScrapingDag.py took 0.849 seconds
[2025-04-11T01:35:11.770+0000] {processor.py:161} INFO - Started process (PID=5410) to work on /opt/airflow/dags/finScrapingDag.py
[2025-04-11T01:35:11.772+0000] {processor.py:830} INFO - Processing file /opt/airflow/dags/finScrapingDag.py for tasks to queue
[2025-04-11T01:35:11.775+0000] {logging_mixin.py:188} INFO - [2025-04-11T01:35:11.773+0000] {dagbag.py:545} INFO - Filling up the DagBag from /opt/airflow/dags/finScrapingDag.py
[2025-04-11T01:35:12.333+0000] {processor.py:840} INFO - DAG(s) 'finScraping' retrieved from /opt/airflow/dags/finScrapingDag.py
[2025-04-11T01:35:12.603+0000] {logging_mixin.py:188} INFO - [2025-04-11T01:35:12.602+0000] {dag.py:3096} INFO - Sync 1 DAGs
[2025-04-11T01:35:12.629+0000] {logging_mixin.py:188} INFO - [2025-04-11T01:35:12.629+0000] {dag.py:3954} INFO - Setting next_dagrun for finScraping to 2025-04-12 00:00:00+00:00, run_after=2025-04-13 00:00:00+00:00
[2025-04-11T01:35:12.652+0000] {processor.py:183} INFO - Processing /opt/airflow/dags/finScrapingDag.py took 0.899 seconds
[2025-04-11T01:35:42.899+0000] {processor.py:161} INFO - Started process (PID=5418) to work on /opt/airflow/dags/finScrapingDag.py
[2025-04-11T01:35:42.901+0000] {processor.py:830} INFO - Processing file /opt/airflow/dags/finScrapingDag.py for tasks to queue
[2025-04-11T01:35:42.904+0000] {logging_mixin.py:188} INFO - [2025-04-11T01:35:42.902+0000] {dagbag.py:545} INFO - Filling up the DagBag from /opt/airflow/dags/finScrapingDag.py
[2025-04-11T01:35:43.430+0000] {processor.py:840} INFO - DAG(s) 'finScraping' retrieved from /opt/airflow/dags/finScrapingDag.py
[2025-04-11T01:35:43.764+0000] {logging_mixin.py:188} INFO - [2025-04-11T01:35:43.755+0000] {dag.py:3096} INFO - Sync 1 DAGs
[2025-04-11T01:35:43.806+0000] {logging_mixin.py:188} INFO - [2025-04-11T01:35:43.805+0000] {dag.py:3954} INFO - Setting next_dagrun for finScraping to 2025-04-12 00:00:00+00:00, run_after=2025-04-13 00:00:00+00:00
[2025-04-11T01:35:43.837+0000] {processor.py:183} INFO - Processing /opt/airflow/dags/finScrapingDag.py took 0.954 seconds
[2025-04-11T01:36:14.282+0000] {processor.py:161} INFO - Started process (PID=5426) to work on /opt/airflow/dags/finScrapingDag.py
[2025-04-11T01:36:14.285+0000] {processor.py:830} INFO - Processing file /opt/airflow/dags/finScrapingDag.py for tasks to queue
[2025-04-11T01:36:14.288+0000] {logging_mixin.py:188} INFO - [2025-04-11T01:36:14.286+0000] {dagbag.py:545} INFO - Filling up the DagBag from /opt/airflow/dags/finScrapingDag.py
[2025-04-11T01:36:15.093+0000] {processor.py:840} INFO - DAG(s) 'finScraping' retrieved from /opt/airflow/dags/finScrapingDag.py
[2025-04-11T01:36:15.806+0000] {logging_mixin.py:188} INFO - [2025-04-11T01:36:15.795+0000] {dag.py:3096} INFO - Sync 1 DAGs
[2025-04-11T01:36:15.848+0000] {logging_mixin.py:188} INFO - [2025-04-11T01:36:15.847+0000] {dag.py:3954} INFO - Setting next_dagrun for finScraping to 2025-04-12 00:00:00+00:00, run_after=2025-04-13 00:00:00+00:00
[2025-04-11T01:36:15.909+0000] {processor.py:183} INFO - Processing /opt/airflow/dags/finScrapingDag.py took 1.641 seconds
[2025-04-11T02:20:49.194+0000] {processor.py:161} INFO - Started process (PID=55) to work on /opt/airflow/dags/finScrapingDag.py
[2025-04-11T02:20:49.196+0000] {processor.py:830} INFO - Processing file /opt/airflow/dags/finScrapingDag.py for tasks to queue
[2025-04-11T02:20:49.200+0000] {logging_mixin.py:188} INFO - [2025-04-11T02:20:49.199+0000] {dagbag.py:545} INFO - Filling up the DagBag from /opt/airflow/dags/finScrapingDag.py
[2025-04-11T02:20:50.482+0000] {processor.py:840} INFO - DAG(s) 'finScraping' retrieved from /opt/airflow/dags/finScrapingDag.py
[2025-04-11T02:20:50.802+0000] {logging_mixin.py:188} INFO - [2025-04-11T02:20:50.801+0000] {dag.py:3096} INFO - Sync 1 DAGs
[2025-04-11T02:20:50.842+0000] {logging_mixin.py:188} INFO - [2025-04-11T02:20:50.841+0000] {dag.py:3954} INFO - Setting next_dagrun for finScraping to 2025-04-12 00:00:00+00:00, run_after=2025-04-13 00:00:00+00:00
[2025-04-11T02:20:50.873+0000] {processor.py:183} INFO - Processing /opt/airflow/dags/finScrapingDag.py took 1.694 seconds
[2025-04-11T02:21:21.061+0000] {processor.py:161} INFO - Started process (PID=63) to work on /opt/airflow/dags/finScrapingDag.py
[2025-04-11T02:21:21.062+0000] {processor.py:830} INFO - Processing file /opt/airflow/dags/finScrapingDag.py for tasks to queue
[2025-04-11T02:21:21.064+0000] {logging_mixin.py:188} INFO - [2025-04-11T02:21:21.064+0000] {dagbag.py:545} INFO - Filling up the DagBag from /opt/airflow/dags/finScrapingDag.py
[2025-04-11T02:21:21.348+0000] {processor.py:840} INFO - DAG(s) 'finScraping' retrieved from /opt/airflow/dags/finScrapingDag.py
[2025-04-11T02:21:21.489+0000] {logging_mixin.py:188} INFO - [2025-04-11T02:21:21.489+0000] {dag.py:3096} INFO - Sync 1 DAGs
[2025-04-11T02:21:21.519+0000] {logging_mixin.py:188} INFO - [2025-04-11T02:21:21.519+0000] {dag.py:3954} INFO - Setting next_dagrun for finScraping to 2025-04-12 00:00:00+00:00, run_after=2025-04-13 00:00:00+00:00
[2025-04-11T02:21:21.541+0000] {processor.py:183} INFO - Processing /opt/airflow/dags/finScrapingDag.py took 0.491 seconds
[2025-04-11T02:21:51.617+0000] {processor.py:161} INFO - Started process (PID=75) to work on /opt/airflow/dags/finScrapingDag.py
[2025-04-11T02:21:51.618+0000] {processor.py:830} INFO - Processing file /opt/airflow/dags/finScrapingDag.py for tasks to queue
[2025-04-11T02:21:51.620+0000] {logging_mixin.py:188} INFO - [2025-04-11T02:21:51.620+0000] {dagbag.py:545} INFO - Filling up the DagBag from /opt/airflow/dags/finScrapingDag.py
[2025-04-11T02:21:51.877+0000] {processor.py:840} INFO - DAG(s) 'finScraping' retrieved from /opt/airflow/dags/finScrapingDag.py
[2025-04-11T02:21:52.039+0000] {logging_mixin.py:188} INFO - [2025-04-11T02:21:52.038+0000] {dag.py:3096} INFO - Sync 1 DAGs
[2025-04-11T02:21:52.063+0000] {logging_mixin.py:188} INFO - [2025-04-11T02:21:52.063+0000] {dag.py:3954} INFO - Setting next_dagrun for finScraping to 2025-04-12 00:00:00+00:00, run_after=2025-04-13 00:00:00+00:00
[2025-04-11T02:21:52.086+0000] {processor.py:183} INFO - Processing /opt/airflow/dags/finScrapingDag.py took 0.476 seconds
[2025-04-11T02:22:22.347+0000] {processor.py:161} INFO - Started process (PID=89) to work on /opt/airflow/dags/finScrapingDag.py
[2025-04-11T02:22:22.348+0000] {processor.py:830} INFO - Processing file /opt/airflow/dags/finScrapingDag.py for tasks to queue
[2025-04-11T02:22:22.350+0000] {logging_mixin.py:188} INFO - [2025-04-11T02:22:22.349+0000] {dagbag.py:545} INFO - Filling up the DagBag from /opt/airflow/dags/finScrapingDag.py
[2025-04-11T02:22:22.583+0000] {processor.py:840} INFO - DAG(s) 'finScraping' retrieved from /opt/airflow/dags/finScrapingDag.py
[2025-04-11T02:22:22.726+0000] {logging_mixin.py:188} INFO - [2025-04-11T02:22:22.726+0000] {dag.py:3096} INFO - Sync 1 DAGs
[2025-04-11T02:22:22.751+0000] {logging_mixin.py:188} INFO - [2025-04-11T02:22:22.751+0000] {dag.py:3954} INFO - Setting next_dagrun for finScraping to 2025-04-12 00:00:00+00:00, run_after=2025-04-13 00:00:00+00:00
[2025-04-11T02:22:22.774+0000] {processor.py:183} INFO - Processing /opt/airflow/dags/finScrapingDag.py took 0.435 seconds
[2025-04-11T02:22:53.011+0000] {processor.py:161} INFO - Started process (PID=97) to work on /opt/airflow/dags/finScrapingDag.py
[2025-04-11T02:22:53.022+0000] {processor.py:830} INFO - Processing file /opt/airflow/dags/finScrapingDag.py for tasks to queue
[2025-04-11T02:22:53.024+0000] {logging_mixin.py:188} INFO - [2025-04-11T02:22:53.024+0000] {dagbag.py:545} INFO - Filling up the DagBag from /opt/airflow/dags/finScrapingDag.py
[2025-04-11T02:22:53.235+0000] {processor.py:840} INFO - DAG(s) 'finScraping' retrieved from /opt/airflow/dags/finScrapingDag.py
[2025-04-11T02:22:53.362+0000] {logging_mixin.py:188} INFO - [2025-04-11T02:22:53.362+0000] {dag.py:3096} INFO - Sync 1 DAGs
[2025-04-11T02:22:53.387+0000] {logging_mixin.py:188} INFO - [2025-04-11T02:22:53.387+0000] {dag.py:3954} INFO - Setting next_dagrun for finScraping to 2025-04-12 00:00:00+00:00, run_after=2025-04-13 00:00:00+00:00
[2025-04-11T02:22:53.411+0000] {processor.py:183} INFO - Processing /opt/airflow/dags/finScrapingDag.py took 0.410 seconds
[2025-04-11T02:23:23.646+0000] {processor.py:161} INFO - Started process (PID=105) to work on /opt/airflow/dags/finScrapingDag.py
[2025-04-11T02:23:23.647+0000] {processor.py:830} INFO - Processing file /opt/airflow/dags/finScrapingDag.py for tasks to queue
[2025-04-11T02:23:23.649+0000] {logging_mixin.py:188} INFO - [2025-04-11T02:23:23.649+0000] {dagbag.py:545} INFO - Filling up the DagBag from /opt/airflow/dags/finScrapingDag.py
[2025-04-11T02:23:23.829+0000] {processor.py:840} INFO - DAG(s) 'finScraping' retrieved from /opt/airflow/dags/finScrapingDag.py
[2025-04-11T02:23:23.940+0000] {logging_mixin.py:188} INFO - [2025-04-11T02:23:23.940+0000] {dag.py:3096} INFO - Sync 1 DAGs
[2025-04-11T02:23:23.966+0000] {logging_mixin.py:188} INFO - [2025-04-11T02:23:23.966+0000] {dag.py:3954} INFO - Setting next_dagrun for finScraping to 2025-04-12 00:00:00+00:00, run_after=2025-04-13 00:00:00+00:00
[2025-04-11T02:23:23.987+0000] {processor.py:183} INFO - Processing /opt/airflow/dags/finScrapingDag.py took 0.348 seconds
[2025-04-11T02:23:54.171+0000] {processor.py:161} INFO - Started process (PID=117) to work on /opt/airflow/dags/finScrapingDag.py
[2025-04-11T02:23:54.173+0000] {processor.py:830} INFO - Processing file /opt/airflow/dags/finScrapingDag.py for tasks to queue
[2025-04-11T02:23:54.176+0000] {logging_mixin.py:188} INFO - [2025-04-11T02:23:54.175+0000] {dagbag.py:545} INFO - Filling up the DagBag from /opt/airflow/dags/finScrapingDag.py
[2025-04-11T02:23:54.478+0000] {processor.py:840} INFO - DAG(s) 'finScraping' retrieved from /opt/airflow/dags/finScrapingDag.py
[2025-04-11T02:23:54.639+0000] {logging_mixin.py:188} INFO - [2025-04-11T02:23:54.639+0000] {dag.py:3096} INFO - Sync 1 DAGs
[2025-04-11T02:23:54.665+0000] {logging_mixin.py:188} INFO - [2025-04-11T02:23:54.665+0000] {dag.py:3954} INFO - Setting next_dagrun for finScraping to 2025-04-12 00:00:00+00:00, run_after=2025-04-13 00:00:00+00:00
[2025-04-11T02:23:54.689+0000] {processor.py:183} INFO - Processing /opt/airflow/dags/finScrapingDag.py took 0.529 seconds
[2025-04-11T02:24:24.917+0000] {processor.py:161} INFO - Started process (PID=129) to work on /opt/airflow/dags/finScrapingDag.py
[2025-04-11T02:24:24.918+0000] {processor.py:830} INFO - Processing file /opt/airflow/dags/finScrapingDag.py for tasks to queue
[2025-04-11T02:24:24.920+0000] {logging_mixin.py:188} INFO - [2025-04-11T02:24:24.920+0000] {dagbag.py:545} INFO - Filling up the DagBag from /opt/airflow/dags/finScrapingDag.py
[2025-04-11T02:24:25.202+0000] {processor.py:840} INFO - DAG(s) 'finScraping' retrieved from /opt/airflow/dags/finScrapingDag.py
[2025-04-11T02:24:25.355+0000] {logging_mixin.py:188} INFO - [2025-04-11T02:24:25.354+0000] {dag.py:3096} INFO - Sync 1 DAGs
[2025-04-11T02:24:25.378+0000] {logging_mixin.py:188} INFO - [2025-04-11T02:24:25.378+0000] {dag.py:3954} INFO - Setting next_dagrun for finScraping to 2025-04-12 00:00:00+00:00, run_after=2025-04-13 00:00:00+00:00
[2025-04-11T02:24:25.396+0000] {processor.py:183} INFO - Processing /opt/airflow/dags/finScrapingDag.py took 0.485 seconds
[2025-04-11T02:24:55.615+0000] {processor.py:161} INFO - Started process (PID=137) to work on /opt/airflow/dags/finScrapingDag.py
[2025-04-11T02:24:55.616+0000] {processor.py:830} INFO - Processing file /opt/airflow/dags/finScrapingDag.py for tasks to queue
[2025-04-11T02:24:55.619+0000] {logging_mixin.py:188} INFO - [2025-04-11T02:24:55.618+0000] {dagbag.py:545} INFO - Filling up the DagBag from /opt/airflow/dags/finScrapingDag.py
[2025-04-11T02:24:55.825+0000] {processor.py:840} INFO - DAG(s) 'finScraping' retrieved from /opt/airflow/dags/finScrapingDag.py
[2025-04-11T02:24:55.945+0000] {logging_mixin.py:188} INFO - [2025-04-11T02:24:55.945+0000] {dag.py:3096} INFO - Sync 1 DAGs
[2025-04-11T02:24:55.970+0000] {logging_mixin.py:188} INFO - [2025-04-11T02:24:55.970+0000] {dag.py:3954} INFO - Setting next_dagrun for finScraping to 2025-04-12 00:00:00+00:00, run_after=2025-04-13 00:00:00+00:00
[2025-04-11T02:24:55.991+0000] {processor.py:183} INFO - Processing /opt/airflow/dags/finScrapingDag.py took 0.388 seconds
[2025-04-11T02:25:26.227+0000] {processor.py:161} INFO - Started process (PID=146) to work on /opt/airflow/dags/finScrapingDag.py
[2025-04-11T02:25:26.228+0000] {processor.py:830} INFO - Processing file /opt/airflow/dags/finScrapingDag.py for tasks to queue
[2025-04-11T02:25:26.231+0000] {logging_mixin.py:188} INFO - [2025-04-11T02:25:26.231+0000] {dagbag.py:545} INFO - Filling up the DagBag from /opt/airflow/dags/finScrapingDag.py
[2025-04-11T02:25:26.427+0000] {processor.py:840} INFO - DAG(s) 'finScraping' retrieved from /opt/airflow/dags/finScrapingDag.py
[2025-04-11T02:25:26.542+0000] {logging_mixin.py:188} INFO - [2025-04-11T02:25:26.542+0000] {dag.py:3096} INFO - Sync 1 DAGs
[2025-04-11T02:25:26.564+0000] {logging_mixin.py:188} INFO - [2025-04-11T02:25:26.564+0000] {dag.py:3954} INFO - Setting next_dagrun for finScraping to 2025-04-12 00:00:00+00:00, run_after=2025-04-13 00:00:00+00:00
[2025-04-11T02:25:26.586+0000] {processor.py:183} INFO - Processing /opt/airflow/dags/finScrapingDag.py took 0.369 seconds
[2025-04-11T02:25:56.851+0000] {processor.py:161} INFO - Started process (PID=154) to work on /opt/airflow/dags/finScrapingDag.py
[2025-04-11T02:25:56.853+0000] {processor.py:830} INFO - Processing file /opt/airflow/dags/finScrapingDag.py for tasks to queue
[2025-04-11T02:25:56.857+0000] {logging_mixin.py:188} INFO - [2025-04-11T02:25:56.856+0000] {dagbag.py:545} INFO - Filling up the DagBag from /opt/airflow/dags/finScrapingDag.py
[2025-04-11T02:25:57.053+0000] {processor.py:840} INFO - DAG(s) 'finScraping' retrieved from /opt/airflow/dags/finScrapingDag.py
[2025-04-11T02:25:57.176+0000] {logging_mixin.py:188} INFO - [2025-04-11T02:25:57.175+0000] {dag.py:3096} INFO - Sync 1 DAGs
[2025-04-11T02:25:57.199+0000] {logging_mixin.py:188} INFO - [2025-04-11T02:25:57.199+0000] {dag.py:3954} INFO - Setting next_dagrun for finScraping to 2025-04-12 00:00:00+00:00, run_after=2025-04-13 00:00:00+00:00
[2025-04-11T02:25:57.218+0000] {processor.py:183} INFO - Processing /opt/airflow/dags/finScrapingDag.py took 0.374 seconds
[2025-04-11T02:26:27.411+0000] {processor.py:161} INFO - Started process (PID=166) to work on /opt/airflow/dags/finScrapingDag.py
[2025-04-11T02:26:27.413+0000] {processor.py:830} INFO - Processing file /opt/airflow/dags/finScrapingDag.py for tasks to queue
[2025-04-11T02:26:27.415+0000] {logging_mixin.py:188} INFO - [2025-04-11T02:26:27.415+0000] {dagbag.py:545} INFO - Filling up the DagBag from /opt/airflow/dags/finScrapingDag.py
[2025-04-11T02:26:27.828+0000] {processor.py:840} INFO - DAG(s) 'finScraping' retrieved from /opt/airflow/dags/finScrapingDag.py
[2025-04-11T02:26:27.984+0000] {logging_mixin.py:188} INFO - [2025-04-11T02:26:27.983+0000] {dag.py:3096} INFO - Sync 1 DAGs
[2025-04-11T02:26:28.020+0000] {logging_mixin.py:188} INFO - [2025-04-11T02:26:28.020+0000] {dag.py:3954} INFO - Setting next_dagrun for finScraping to 2025-04-12 00:00:00+00:00, run_after=2025-04-13 00:00:00+00:00
[2025-04-11T02:26:28.050+0000] {processor.py:183} INFO - Processing /opt/airflow/dags/finScrapingDag.py took 0.654 seconds
[2025-04-11T02:26:58.286+0000] {processor.py:161} INFO - Started process (PID=174) to work on /opt/airflow/dags/finScrapingDag.py
[2025-04-11T02:26:58.288+0000] {processor.py:830} INFO - Processing file /opt/airflow/dags/finScrapingDag.py for tasks to queue
[2025-04-11T02:26:58.292+0000] {logging_mixin.py:188} INFO - [2025-04-11T02:26:58.291+0000] {dagbag.py:545} INFO - Filling up the DagBag from /opt/airflow/dags/finScrapingDag.py
[2025-04-11T02:26:58.653+0000] {processor.py:840} INFO - DAG(s) 'finScraping' retrieved from /opt/airflow/dags/finScrapingDag.py
[2025-04-11T02:26:58.783+0000] {logging_mixin.py:188} INFO - [2025-04-11T02:26:58.783+0000] {dag.py:3096} INFO - Sync 1 DAGs
[2025-04-11T02:26:58.810+0000] {logging_mixin.py:188} INFO - [2025-04-11T02:26:58.810+0000] {dag.py:3954} INFO - Setting next_dagrun for finScraping to 2025-04-12 00:00:00+00:00, run_after=2025-04-13 00:00:00+00:00
[2025-04-11T02:26:58.835+0000] {processor.py:183} INFO - Processing /opt/airflow/dags/finScrapingDag.py took 0.558 seconds
[2025-04-11T02:27:29.068+0000] {processor.py:161} INFO - Started process (PID=185) to work on /opt/airflow/dags/finScrapingDag.py
[2025-04-11T02:27:29.069+0000] {processor.py:830} INFO - Processing file /opt/airflow/dags/finScrapingDag.py for tasks to queue
[2025-04-11T02:27:29.072+0000] {logging_mixin.py:188} INFO - [2025-04-11T02:27:29.071+0000] {dagbag.py:545} INFO - Filling up the DagBag from /opt/airflow/dags/finScrapingDag.py
[2025-04-11T02:27:29.263+0000] {processor.py:840} INFO - DAG(s) 'finScraping' retrieved from /opt/airflow/dags/finScrapingDag.py
[2025-04-11T02:27:29.382+0000] {logging_mixin.py:188} INFO - [2025-04-11T02:27:29.382+0000] {dag.py:3096} INFO - Sync 1 DAGs
[2025-04-11T02:27:29.412+0000] {logging_mixin.py:188} INFO - [2025-04-11T02:27:29.412+0000] {dag.py:3954} INFO - Setting next_dagrun for finScraping to 2025-04-12 00:00:00+00:00, run_after=2025-04-13 00:00:00+00:00
[2025-04-11T02:27:29.434+0000] {processor.py:183} INFO - Processing /opt/airflow/dags/finScrapingDag.py took 0.378 seconds
[2025-04-11T02:27:59.635+0000] {processor.py:161} INFO - Started process (PID=197) to work on /opt/airflow/dags/finScrapingDag.py
[2025-04-11T02:27:59.641+0000] {processor.py:830} INFO - Processing file /opt/airflow/dags/finScrapingDag.py for tasks to queue
[2025-04-11T02:27:59.643+0000] {logging_mixin.py:188} INFO - [2025-04-11T02:27:59.643+0000] {dagbag.py:545} INFO - Filling up the DagBag from /opt/airflow/dags/finScrapingDag.py
[2025-04-11T02:27:59.850+0000] {processor.py:840} INFO - DAG(s) 'finScraping' retrieved from /opt/airflow/dags/finScrapingDag.py
[2025-04-11T02:27:59.964+0000] {logging_mixin.py:188} INFO - [2025-04-11T02:27:59.964+0000] {dag.py:3096} INFO - Sync 1 DAGs
[2025-04-11T02:27:59.986+0000] {logging_mixin.py:188} INFO - [2025-04-11T02:27:59.986+0000] {dag.py:3954} INFO - Setting next_dagrun for finScraping to 2025-04-12 00:00:00+00:00, run_after=2025-04-13 00:00:00+00:00
[2025-04-11T02:28:00.008+0000] {processor.py:183} INFO - Processing /opt/airflow/dags/finScrapingDag.py took 0.382 seconds
[2025-04-11T02:28:30.182+0000] {processor.py:161} INFO - Started process (PID=209) to work on /opt/airflow/dags/finScrapingDag.py
[2025-04-11T02:28:30.183+0000] {processor.py:830} INFO - Processing file /opt/airflow/dags/finScrapingDag.py for tasks to queue
[2025-04-11T02:28:30.186+0000] {logging_mixin.py:188} INFO - [2025-04-11T02:28:30.186+0000] {dagbag.py:545} INFO - Filling up the DagBag from /opt/airflow/dags/finScrapingDag.py
[2025-04-11T02:28:30.438+0000] {processor.py:840} INFO - DAG(s) 'finScraping' retrieved from /opt/airflow/dags/finScrapingDag.py
[2025-04-11T02:28:30.615+0000] {logging_mixin.py:188} INFO - [2025-04-11T02:28:30.615+0000] {dag.py:3096} INFO - Sync 1 DAGs
[2025-04-11T02:28:30.649+0000] {logging_mixin.py:188} INFO - [2025-04-11T02:28:30.649+0000] {dag.py:3954} INFO - Setting next_dagrun for finScraping to 2025-04-12 00:00:00+00:00, run_after=2025-04-13 00:00:00+00:00
[2025-04-11T02:28:30.684+0000] {processor.py:183} INFO - Processing /opt/airflow/dags/finScrapingDag.py took 0.511 seconds
[2025-04-11T02:29:00.932+0000] {processor.py:161} INFO - Started process (PID=221) to work on /opt/airflow/dags/finScrapingDag.py
[2025-04-11T02:29:00.935+0000] {processor.py:830} INFO - Processing file /opt/airflow/dags/finScrapingDag.py for tasks to queue
[2025-04-11T02:29:00.939+0000] {logging_mixin.py:188} INFO - [2025-04-11T02:29:00.938+0000] {dagbag.py:545} INFO - Filling up the DagBag from /opt/airflow/dags/finScrapingDag.py
[2025-04-11T02:29:01.270+0000] {processor.py:840} INFO - DAG(s) 'finScraping' retrieved from /opt/airflow/dags/finScrapingDag.py
[2025-04-11T02:29:01.416+0000] {logging_mixin.py:188} INFO - [2025-04-11T02:29:01.416+0000] {dag.py:3096} INFO - Sync 1 DAGs
[2025-04-11T02:29:01.454+0000] {logging_mixin.py:188} INFO - [2025-04-11T02:29:01.454+0000] {dag.py:3954} INFO - Setting next_dagrun for finScraping to 2025-04-12 00:00:00+00:00, run_after=2025-04-13 00:00:00+00:00
[2025-04-11T02:29:01.478+0000] {processor.py:183} INFO - Processing /opt/airflow/dags/finScrapingDag.py took 0.559 seconds
[2025-04-11T02:29:31.661+0000] {processor.py:161} INFO - Started process (PID=229) to work on /opt/airflow/dags/finScrapingDag.py
[2025-04-11T02:29:31.666+0000] {processor.py:830} INFO - Processing file /opt/airflow/dags/finScrapingDag.py for tasks to queue
[2025-04-11T02:29:31.668+0000] {logging_mixin.py:188} INFO - [2025-04-11T02:29:31.668+0000] {dagbag.py:545} INFO - Filling up the DagBag from /opt/airflow/dags/finScrapingDag.py
[2025-04-11T02:29:31.871+0000] {processor.py:840} INFO - DAG(s) 'finScraping' retrieved from /opt/airflow/dags/finScrapingDag.py
[2025-04-11T02:29:32.005+0000] {logging_mixin.py:188} INFO - [2025-04-11T02:29:32.004+0000] {dag.py:3096} INFO - Sync 1 DAGs
[2025-04-11T02:29:32.028+0000] {logging_mixin.py:188} INFO - [2025-04-11T02:29:32.028+0000] {dag.py:3954} INFO - Setting next_dagrun for finScraping to 2025-04-12 00:00:00+00:00, run_after=2025-04-13 00:00:00+00:00
[2025-04-11T02:29:32.048+0000] {processor.py:183} INFO - Processing /opt/airflow/dags/finScrapingDag.py took 0.397 seconds
[2025-04-11T02:30:02.245+0000] {processor.py:161} INFO - Started process (PID=237) to work on /opt/airflow/dags/finScrapingDag.py
[2025-04-11T02:30:02.247+0000] {processor.py:830} INFO - Processing file /opt/airflow/dags/finScrapingDag.py for tasks to queue
[2025-04-11T02:30:02.250+0000] {logging_mixin.py:188} INFO - [2025-04-11T02:30:02.249+0000] {dagbag.py:545} INFO - Filling up the DagBag from /opt/airflow/dags/finScrapingDag.py
[2025-04-11T02:30:02.521+0000] {processor.py:840} INFO - DAG(s) 'finScraping' retrieved from /opt/airflow/dags/finScrapingDag.py
[2025-04-11T02:30:02.714+0000] {logging_mixin.py:188} INFO - [2025-04-11T02:30:02.714+0000] {dag.py:3096} INFO - Sync 1 DAGs
[2025-04-11T02:30:02.746+0000] {logging_mixin.py:188} INFO - [2025-04-11T02:30:02.745+0000] {dag.py:3954} INFO - Setting next_dagrun for finScraping to 2025-04-12 00:00:00+00:00, run_after=2025-04-13 00:00:00+00:00
[2025-04-11T02:30:02.765+0000] {processor.py:183} INFO - Processing /opt/airflow/dags/finScrapingDag.py took 0.528 seconds
[2025-04-11T02:30:32.984+0000] {processor.py:161} INFO - Started process (PID=245) to work on /opt/airflow/dags/finScrapingDag.py
[2025-04-11T02:30:32.985+0000] {processor.py:830} INFO - Processing file /opt/airflow/dags/finScrapingDag.py for tasks to queue
[2025-04-11T02:30:32.987+0000] {logging_mixin.py:188} INFO - [2025-04-11T02:30:32.987+0000] {dagbag.py:545} INFO - Filling up the DagBag from /opt/airflow/dags/finScrapingDag.py
[2025-04-11T02:30:33.199+0000] {processor.py:840} INFO - DAG(s) 'finScraping' retrieved from /opt/airflow/dags/finScrapingDag.py
[2025-04-11T02:30:33.319+0000] {logging_mixin.py:188} INFO - [2025-04-11T02:30:33.319+0000] {dag.py:3096} INFO - Sync 1 DAGs
[2025-04-11T02:30:33.349+0000] {logging_mixin.py:188} INFO - [2025-04-11T02:30:33.349+0000] {dag.py:3954} INFO - Setting next_dagrun for finScraping to 2025-04-12 00:00:00+00:00, run_after=2025-04-13 00:00:00+00:00
[2025-04-11T02:30:33.372+0000] {processor.py:183} INFO - Processing /opt/airflow/dags/finScrapingDag.py took 0.397 seconds
[2025-04-11T02:31:03.628+0000] {processor.py:161} INFO - Started process (PID=253) to work on /opt/airflow/dags/finScrapingDag.py
[2025-04-11T02:31:03.630+0000] {processor.py:830} INFO - Processing file /opt/airflow/dags/finScrapingDag.py for tasks to queue
[2025-04-11T02:31:03.632+0000] {logging_mixin.py:188} INFO - [2025-04-11T02:31:03.631+0000] {dagbag.py:545} INFO - Filling up the DagBag from /opt/airflow/dags/finScrapingDag.py
[2025-04-11T02:31:03.847+0000] {processor.py:840} INFO - DAG(s) 'finScraping' retrieved from /opt/airflow/dags/finScrapingDag.py
[2025-04-11T02:31:03.974+0000] {logging_mixin.py:188} INFO - [2025-04-11T02:31:03.974+0000] {dag.py:3096} INFO - Sync 1 DAGs
[2025-04-11T02:31:03.999+0000] {logging_mixin.py:188} INFO - [2025-04-11T02:31:03.999+0000] {dag.py:3954} INFO - Setting next_dagrun for finScraping to 2025-04-12 00:00:00+00:00, run_after=2025-04-13 00:00:00+00:00
[2025-04-11T02:31:04.025+0000] {processor.py:183} INFO - Processing /opt/airflow/dags/finScrapingDag.py took 0.407 seconds
[2025-04-11T02:31:34.281+0000] {processor.py:161} INFO - Started process (PID=261) to work on /opt/airflow/dags/finScrapingDag.py
[2025-04-11T02:31:34.282+0000] {processor.py:830} INFO - Processing file /opt/airflow/dags/finScrapingDag.py for tasks to queue
[2025-04-11T02:31:34.285+0000] {logging_mixin.py:188} INFO - [2025-04-11T02:31:34.284+0000] {dagbag.py:545} INFO - Filling up the DagBag from /opt/airflow/dags/finScrapingDag.py
[2025-04-11T02:31:34.513+0000] {processor.py:840} INFO - DAG(s) 'finScraping' retrieved from /opt/airflow/dags/finScrapingDag.py
[2025-04-11T02:31:34.635+0000] {logging_mixin.py:188} INFO - [2025-04-11T02:31:34.635+0000] {dag.py:3096} INFO - Sync 1 DAGs
[2025-04-11T02:31:34.659+0000] {logging_mixin.py:188} INFO - [2025-04-11T02:31:34.659+0000] {dag.py:3954} INFO - Setting next_dagrun for finScraping to 2025-04-12 00:00:00+00:00, run_after=2025-04-13 00:00:00+00:00
[2025-04-11T02:31:34.689+0000] {processor.py:183} INFO - Processing /opt/airflow/dags/finScrapingDag.py took 0.419 seconds
[2025-04-11T02:32:04.966+0000] {processor.py:161} INFO - Started process (PID=269) to work on /opt/airflow/dags/finScrapingDag.py
[2025-04-11T02:32:04.967+0000] {processor.py:830} INFO - Processing file /opt/airflow/dags/finScrapingDag.py for tasks to queue
[2025-04-11T02:32:04.969+0000] {logging_mixin.py:188} INFO - [2025-04-11T02:32:04.969+0000] {dagbag.py:545} INFO - Filling up the DagBag from /opt/airflow/dags/finScrapingDag.py
[2025-04-11T02:32:05.180+0000] {processor.py:840} INFO - DAG(s) 'finScraping' retrieved from /opt/airflow/dags/finScrapingDag.py
[2025-04-11T02:32:05.297+0000] {logging_mixin.py:188} INFO - [2025-04-11T02:32:05.296+0000] {dag.py:3096} INFO - Sync 1 DAGs
[2025-04-11T02:32:05.325+0000] {logging_mixin.py:188} INFO - [2025-04-11T02:32:05.324+0000] {dag.py:3954} INFO - Setting next_dagrun for finScraping to 2025-04-12 00:00:00+00:00, run_after=2025-04-13 00:00:00+00:00
[2025-04-11T02:32:05.345+0000] {processor.py:183} INFO - Processing /opt/airflow/dags/finScrapingDag.py took 0.389 seconds
[2025-04-11T02:32:35.629+0000] {processor.py:161} INFO - Started process (PID=277) to work on /opt/airflow/dags/finScrapingDag.py
[2025-04-11T02:32:35.630+0000] {processor.py:830} INFO - Processing file /opt/airflow/dags/finScrapingDag.py for tasks to queue
[2025-04-11T02:32:35.632+0000] {logging_mixin.py:188} INFO - [2025-04-11T02:32:35.631+0000] {dagbag.py:545} INFO - Filling up the DagBag from /opt/airflow/dags/finScrapingDag.py
[2025-04-11T02:32:35.850+0000] {processor.py:840} INFO - DAG(s) 'finScraping' retrieved from /opt/airflow/dags/finScrapingDag.py
[2025-04-11T02:32:35.976+0000] {logging_mixin.py:188} INFO - [2025-04-11T02:32:35.976+0000] {dag.py:3096} INFO - Sync 1 DAGs
[2025-04-11T02:32:36.000+0000] {logging_mixin.py:188} INFO - [2025-04-11T02:32:36.000+0000] {dag.py:3954} INFO - Setting next_dagrun for finScraping to 2025-04-12 00:00:00+00:00, run_after=2025-04-13 00:00:00+00:00
[2025-04-11T02:32:36.034+0000] {processor.py:183} INFO - Processing /opt/airflow/dags/finScrapingDag.py took 0.418 seconds
[2025-04-11T02:37:16.995+0000] {processor.py:161} INFO - Started process (PID=49) to work on /opt/airflow/dags/finScrapingDag.py
[2025-04-11T02:37:16.996+0000] {processor.py:830} INFO - Processing file /opt/airflow/dags/finScrapingDag.py for tasks to queue
[2025-04-11T02:37:16.998+0000] {logging_mixin.py:188} INFO - [2025-04-11T02:37:16.997+0000] {dagbag.py:545} INFO - Filling up the DagBag from /opt/airflow/dags/finScrapingDag.py
[2025-04-11T02:37:18.246+0000] {processor.py:840} INFO - DAG(s) 'finScraping' retrieved from /opt/airflow/dags/finScrapingDag.py
[2025-04-11T02:37:18.575+0000] {logging_mixin.py:188} INFO - [2025-04-11T02:37:18.575+0000] {dag.py:3096} INFO - Sync 1 DAGs
[2025-04-11T02:37:18.600+0000] {logging_mixin.py:188} INFO - [2025-04-11T02:37:18.600+0000] {dag.py:3954} INFO - Setting next_dagrun for finScraping to 2025-04-12 00:00:00+00:00, run_after=2025-04-13 00:00:00+00:00
[2025-04-11T02:37:18.622+0000] {processor.py:183} INFO - Processing /opt/airflow/dags/finScrapingDag.py took 1.635 seconds
[2025-04-11T02:37:30.092+0000] {processor.py:161} INFO - Started process (PID=37) to work on /opt/airflow/dags/finScrapingDag.py
[2025-04-11T02:37:30.093+0000] {processor.py:830} INFO - Processing file /opt/airflow/dags/finScrapingDag.py for tasks to queue
[2025-04-11T02:37:30.094+0000] {logging_mixin.py:188} INFO - [2025-04-11T02:37:30.094+0000] {dagbag.py:545} INFO - Filling up the DagBag from /opt/airflow/dags/finScrapingDag.py
[2025-04-11T02:37:30.301+0000] {processor.py:840} INFO - DAG(s) 'finScraping' retrieved from /opt/airflow/dags/finScrapingDag.py
[2025-04-11T02:37:30.334+0000] {logging_mixin.py:188} INFO - [2025-04-11T02:37:30.333+0000] {dag.py:3096} INFO - Sync 1 DAGs
[2025-04-11T02:37:30.371+0000] {logging_mixin.py:188} INFO - [2025-04-11T02:37:30.371+0000] {dag.py:3954} INFO - Setting next_dagrun for finScraping to 2025-04-12 00:00:00+00:00, run_after=2025-04-13 00:00:00+00:00
[2025-04-11T02:37:30.393+0000] {processor.py:183} INFO - Processing /opt/airflow/dags/finScrapingDag.py took 0.307 seconds
[2025-04-11T02:38:00.647+0000] {processor.py:161} INFO - Started process (PID=51) to work on /opt/airflow/dags/finScrapingDag.py
[2025-04-11T02:38:00.648+0000] {processor.py:830} INFO - Processing file /opt/airflow/dags/finScrapingDag.py for tasks to queue
[2025-04-11T02:38:00.650+0000] {logging_mixin.py:188} INFO - [2025-04-11T02:38:00.650+0000] {dagbag.py:545} INFO - Filling up the DagBag from /opt/airflow/dags/finScrapingDag.py
[2025-04-11T02:38:00.831+0000] {processor.py:840} INFO - DAG(s) 'finScraping' retrieved from /opt/airflow/dags/finScrapingDag.py
[2025-04-11T02:38:00.945+0000] {logging_mixin.py:188} INFO - [2025-04-11T02:38:00.945+0000] {dag.py:3096} INFO - Sync 1 DAGs
[2025-04-11T02:38:00.969+0000] {logging_mixin.py:188} INFO - [2025-04-11T02:38:00.969+0000] {dag.py:3954} INFO - Setting next_dagrun for finScraping to 2025-04-12 00:00:00+00:00, run_after=2025-04-13 00:00:00+00:00
[2025-04-11T02:38:00.988+0000] {processor.py:183} INFO - Processing /opt/airflow/dags/finScrapingDag.py took 0.349 seconds
[2025-04-11T02:38:31.180+0000] {processor.py:161} INFO - Started process (PID=63) to work on /opt/airflow/dags/finScrapingDag.py
[2025-04-11T02:38:31.181+0000] {processor.py:830} INFO - Processing file /opt/airflow/dags/finScrapingDag.py for tasks to queue
[2025-04-11T02:38:31.183+0000] {logging_mixin.py:188} INFO - [2025-04-11T02:38:31.183+0000] {dagbag.py:545} INFO - Filling up the DagBag from /opt/airflow/dags/finScrapingDag.py
[2025-04-11T02:38:31.479+0000] {processor.py:840} INFO - DAG(s) 'finScraping' retrieved from /opt/airflow/dags/finScrapingDag.py
[2025-04-11T02:38:31.659+0000] {logging_mixin.py:188} INFO - [2025-04-11T02:38:31.659+0000] {dag.py:3096} INFO - Sync 1 DAGs
[2025-04-11T02:38:31.691+0000] {logging_mixin.py:188} INFO - [2025-04-11T02:38:31.691+0000] {dag.py:3954} INFO - Setting next_dagrun for finScraping to 2025-04-12 00:00:00+00:00, run_after=2025-04-13 00:00:00+00:00
[2025-04-11T02:38:31.715+0000] {processor.py:183} INFO - Processing /opt/airflow/dags/finScrapingDag.py took 0.542 seconds
[2025-04-11T02:39:01.904+0000] {processor.py:161} INFO - Started process (PID=71) to work on /opt/airflow/dags/finScrapingDag.py
[2025-04-11T02:39:01.905+0000] {processor.py:830} INFO - Processing file /opt/airflow/dags/finScrapingDag.py for tasks to queue
[2025-04-11T02:39:01.908+0000] {logging_mixin.py:188} INFO - [2025-04-11T02:39:01.907+0000] {dagbag.py:545} INFO - Filling up the DagBag from /opt/airflow/dags/finScrapingDag.py
[2025-04-11T02:39:02.115+0000] {processor.py:840} INFO - DAG(s) 'finScraping' retrieved from /opt/airflow/dags/finScrapingDag.py
[2025-04-11T02:39:02.322+0000] {logging_mixin.py:188} INFO - [2025-04-11T02:39:02.321+0000] {dag.py:3096} INFO - Sync 1 DAGs
[2025-04-11T02:39:02.363+0000] {logging_mixin.py:188} INFO - [2025-04-11T02:39:02.362+0000] {dag.py:3954} INFO - Setting next_dagrun for finScraping to 2025-04-12 00:00:00+00:00, run_after=2025-04-13 00:00:00+00:00
[2025-04-11T02:39:02.420+0000] {processor.py:183} INFO - Processing /opt/airflow/dags/finScrapingDag.py took 0.525 seconds
[2025-04-11T02:39:32.587+0000] {processor.py:161} INFO - Started process (PID=78) to work on /opt/airflow/dags/finScrapingDag.py
[2025-04-11T02:39:32.589+0000] {processor.py:830} INFO - Processing file /opt/airflow/dags/finScrapingDag.py for tasks to queue
[2025-04-11T02:39:32.591+0000] {logging_mixin.py:188} INFO - [2025-04-11T02:39:32.591+0000] {dagbag.py:545} INFO - Filling up the DagBag from /opt/airflow/dags/finScrapingDag.py
[2025-04-11T02:39:32.840+0000] {processor.py:840} INFO - DAG(s) 'finScraping' retrieved from /opt/airflow/dags/finScrapingDag.py
[2025-04-11T02:39:33.040+0000] {logging_mixin.py:188} INFO - [2025-04-11T02:39:33.039+0000] {dag.py:3096} INFO - Sync 1 DAGs
[2025-04-11T02:39:33.082+0000] {logging_mixin.py:188} INFO - [2025-04-11T02:39:33.082+0000] {dag.py:3954} INFO - Setting next_dagrun for finScraping to 2025-04-12 00:00:00+00:00, run_after=2025-04-13 00:00:00+00:00
[2025-04-11T02:39:33.119+0000] {processor.py:183} INFO - Processing /opt/airflow/dags/finScrapingDag.py took 0.540 seconds
[2025-04-11T02:40:03.391+0000] {processor.py:161} INFO - Started process (PID=86) to work on /opt/airflow/dags/finScrapingDag.py
[2025-04-11T02:40:03.393+0000] {processor.py:830} INFO - Processing file /opt/airflow/dags/finScrapingDag.py for tasks to queue
[2025-04-11T02:40:03.395+0000] {logging_mixin.py:188} INFO - [2025-04-11T02:40:03.394+0000] {dagbag.py:545} INFO - Filling up the DagBag from /opt/airflow/dags/finScrapingDag.py
[2025-04-11T02:40:03.606+0000] {processor.py:840} INFO - DAG(s) 'finScraping' retrieved from /opt/airflow/dags/finScrapingDag.py
[2025-04-11T02:40:03.731+0000] {logging_mixin.py:188} INFO - [2025-04-11T02:40:03.731+0000] {dag.py:3096} INFO - Sync 1 DAGs
[2025-04-11T02:40:03.760+0000] {logging_mixin.py:188} INFO - [2025-04-11T02:40:03.760+0000] {dag.py:3954} INFO - Setting next_dagrun for finScraping to 2025-04-12 00:00:00+00:00, run_after=2025-04-13 00:00:00+00:00
[2025-04-11T02:40:03.788+0000] {processor.py:183} INFO - Processing /opt/airflow/dags/finScrapingDag.py took 0.406 seconds
[2025-04-11T02:40:34.026+0000] {processor.py:161} INFO - Started process (PID=94) to work on /opt/airflow/dags/finScrapingDag.py
[2025-04-11T02:40:34.028+0000] {processor.py:830} INFO - Processing file /opt/airflow/dags/finScrapingDag.py for tasks to queue
[2025-04-11T02:40:34.030+0000] {logging_mixin.py:188} INFO - [2025-04-11T02:40:34.030+0000] {dagbag.py:545} INFO - Filling up the DagBag from /opt/airflow/dags/finScrapingDag.py
[2025-04-11T02:40:34.238+0000] {processor.py:840} INFO - DAG(s) 'finScraping' retrieved from /opt/airflow/dags/finScrapingDag.py
[2025-04-11T02:40:34.357+0000] {logging_mixin.py:188} INFO - [2025-04-11T02:40:34.357+0000] {dag.py:3096} INFO - Sync 1 DAGs
[2025-04-11T02:40:34.384+0000] {logging_mixin.py:188} INFO - [2025-04-11T02:40:34.384+0000] {dag.py:3954} INFO - Setting next_dagrun for finScraping to 2025-04-12 00:00:00+00:00, run_after=2025-04-13 00:00:00+00:00
[2025-04-11T02:40:34.404+0000] {processor.py:183} INFO - Processing /opt/airflow/dags/finScrapingDag.py took 0.386 seconds
[2025-04-11T02:41:04.635+0000] {processor.py:161} INFO - Started process (PID=102) to work on /opt/airflow/dags/finScrapingDag.py
[2025-04-11T02:41:04.637+0000] {processor.py:830} INFO - Processing file /opt/airflow/dags/finScrapingDag.py for tasks to queue
[2025-04-11T02:41:04.639+0000] {logging_mixin.py:188} INFO - [2025-04-11T02:41:04.638+0000] {dagbag.py:545} INFO - Filling up the DagBag from /opt/airflow/dags/finScrapingDag.py
[2025-04-11T02:41:04.846+0000] {processor.py:840} INFO - DAG(s) 'finScraping' retrieved from /opt/airflow/dags/finScrapingDag.py
[2025-04-11T02:41:04.970+0000] {logging_mixin.py:188} INFO - [2025-04-11T02:41:04.969+0000] {dag.py:3096} INFO - Sync 1 DAGs
[2025-04-11T02:41:05.002+0000] {logging_mixin.py:188} INFO - [2025-04-11T02:41:05.002+0000] {dag.py:3954} INFO - Setting next_dagrun for finScraping to 2025-04-12 00:00:00+00:00, run_after=2025-04-13 00:00:00+00:00
[2025-04-11T02:41:05.023+0000] {processor.py:183} INFO - Processing /opt/airflow/dags/finScrapingDag.py took 0.396 seconds
