[2025-04-12T14:19:49.321+0000] {local_task_job_runner.py:120} INFO - ::group::Pre task execution logs
[2025-04-12T14:19:49.356+0000] {taskinstance.py:2076} INFO - Dependencies all met for dep_context=non-requeueable deps ti=<TaskInstance: finScraping.scraper manual__2025-04-12T14:19:44.811578+00:00 map_index=1 [queued]>
[2025-04-12T14:19:49.367+0000] {taskinstance.py:2076} INFO - Dependencies all met for dep_context=requeueable deps ti=<TaskInstance: finScraping.scraper manual__2025-04-12T14:19:44.811578+00:00 map_index=1 [queued]>
[2025-04-12T14:19:49.367+0000] {taskinstance.py:2306} INFO - Starting attempt 1 of 2
[2025-04-12T14:19:49.384+0000] {taskinstance.py:2330} INFO - Executing <Mapped(_PythonDecoratedOperator): scraper> on 2025-04-12 14:19:44.811578+00:00
[2025-04-12T14:19:49.391+0000] {standard_task_runner.py:63} INFO - Started process 415 to run task
[2025-04-12T14:19:49.394+0000] {standard_task_runner.py:90} INFO - Running: ['***', 'tasks', 'run', 'finScraping', 'scraper', 'manual__2025-04-12T14:19:44.811578+00:00', '--job-id', '193', '--raw', '--subdir', 'DAGS_FOLDER/finScrapingDag.py', '--cfg-path', '/tmp/tmp6z9tha4f', '--map-index', '1']
[2025-04-12T14:19:49.396+0000] {standard_task_runner.py:91} INFO - Job 193: Subtask scraper
[2025-04-12T14:19:49.455+0000] {task_command.py:426} INFO - Running <TaskInstance: finScraping.scraper manual__2025-04-12T14:19:44.811578+00:00 map_index=1 [running]> on host 0cfa6d1f584e
[2025-04-12T14:19:49.600+0000] {taskinstance.py:2648} INFO - Exporting env vars: AIRFLOW_CTX_DAG_OWNER='***' AIRFLOW_CTX_DAG_ID='finScraping' AIRFLOW_CTX_TASK_ID='scraper' AIRFLOW_CTX_EXECUTION_DATE='2025-04-12T14:19:44.811578+00:00' AIRFLOW_CTX_TRY_NUMBER='1' AIRFLOW_CTX_DAG_RUN_ID='manual__2025-04-12T14:19:44.811578+00:00'
[2025-04-12T14:19:49.601+0000] {taskinstance.py:430} INFO - ::endgroup::
[2025-04-12T14:19:50.125+0000] {logging_mixin.py:188} INFO - Scaping www.qfiu.gov.qa
[2025-04-12T14:19:50.126+0000] {logging_mixin.py:188} INFO - Scaping www.qfiu.gov.qa : page 1
[2025-04-12T14:19:50.363+0000] {warnings.py:109} WARNING - /home/***/.local/lib/python3.9/site-packages/urllib3/connectionpool.py:1061: InsecureRequestWarning: Unverified HTTPS request is being made to host 'www.qfiu.gov.qa'. Adding certificate verification is strongly advised. See: https://urllib3.readthedocs.io/en/1.26.x/advanced-usage.html#ssl-warnings
  warnings.warn(

[2025-04-12T14:19:51.282+0000] {logging_mixin.py:188} INFO - <Response [200]>
[2025-04-12T14:19:51.358+0000] {python.py:237} INFO - Done. Returned value was: []
[2025-04-12T14:19:51.358+0000] {taskinstance.py:441} INFO - ::group::Post task execution logs
[2025-04-12T14:19:51.382+0000] {taskinstance.py:1206} INFO - Marking task as SUCCESS. dag_id=finScraping, task_id=scraper, run_id=manual__2025-04-12T14:19:44.811578+00:00, map_index=1, execution_date=20250412T141944, start_date=20250412T141949, end_date=20250412T141951
[2025-04-12T14:19:51.417+0000] {local_task_job_runner.py:240} INFO - Task exited with return code 0
[2025-04-12T14:19:51.446+0000] {taskinstance.py:3498} INFO - 1 downstream tasks scheduled from follow-on schedule check
[2025-04-12T14:19:51.448+0000] {local_task_job_runner.py:222} INFO - ::endgroup::
