[2025-04-08T15:51:48.343+0000] {local_task_job_runner.py:120} INFO - ::group::Pre task execution logs
[2025-04-08T15:51:48.403+0000] {taskinstance.py:2076} INFO - Dependencies all met for dep_context=non-requeueable deps ti=<TaskInstance: finScraping.check_sources manual__2025-04-08T15:51:44.612413+00:00 [queued]>
[2025-04-08T15:51:48.426+0000] {taskinstance.py:2076} INFO - Dependencies all met for dep_context=requeueable deps ti=<TaskInstance: finScraping.check_sources manual__2025-04-08T15:51:44.612413+00:00 [queued]>
[2025-04-08T15:51:48.427+0000] {taskinstance.py:2306} INFO - Starting attempt 1 of 2
[2025-04-08T15:51:48.465+0000] {taskinstance.py:2330} INFO - Executing <Task(_PythonDecoratedOperator): check_sources> on 2025-04-08 15:51:44.612413+00:00
[2025-04-08T15:51:48.481+0000] {standard_task_runner.py:63} INFO - Started process 633 to run task
[2025-04-08T15:51:48.491+0000] {standard_task_runner.py:90} INFO - Running: ['***', 'tasks', 'run', 'finScraping', 'check_sources', 'manual__2025-04-08T15:51:44.612413+00:00', '--job-id', '23', '--raw', '--subdir', 'DAGS_FOLDER/finScrapingDag.py', '--cfg-path', '/tmp/tmpg47d_9nl']
[2025-04-08T15:51:48.494+0000] {standard_task_runner.py:91} INFO - Job 23: Subtask check_sources
[2025-04-08T15:51:48.616+0000] {task_command.py:426} INFO - Running <TaskInstance: finScraping.check_sources manual__2025-04-08T15:51:44.612413+00:00 [running]> on host e755bcd4c5c9
[2025-04-08T15:51:48.912+0000] {taskinstance.py:2648} INFO - Exporting env vars: AIRFLOW_CTX_DAG_OWNER='***' AIRFLOW_CTX_DAG_ID='finScraping' AIRFLOW_CTX_TASK_ID='check_sources' AIRFLOW_CTX_EXECUTION_DATE='2025-04-08T15:51:44.612413+00:00' AIRFLOW_CTX_TRY_NUMBER='1' AIRFLOW_CTX_DAG_RUN_ID='manual__2025-04-08T15:51:44.612413+00:00'
[2025-04-08T15:51:48.915+0000] {taskinstance.py:430} INFO - ::endgroup::
[2025-04-08T15:51:49.071+0000] {_transport.py:349} INFO - POST https://10.10.1.12:9200/sources/_update/ZdQOFpYBWUzV57vG-irh [status:200 duration:0.025s]
[2025-04-08T15:51:49.072+0000] {logging_mixin.py:188} INFO - editing source austrac
[2025-04-08T15:51:49.153+0000] {_transport.py:349} INFO - POST https://10.10.1.12:9200/sources/_update/ZtQPFpYBWUzV57vGJyqG [status:200 duration:0.024s]
[2025-04-08T15:51:49.153+0000] {logging_mixin.py:188} INFO - editing source nationalcrimeagency
[2025-04-08T15:51:49.154+0000] {python.py:237} INFO - Done. Returned value was: [{'id': 'ZdQOFpYBWUzV57vG-irh', 'name': 'austrac', 'url': 'austrac.gov.au', 'state': True, 'frequency': 6, 'last_execution': 1744127043.685737}, {'id': 'ZtQPFpYBWUzV57vGJyqG', 'name': 'nationalcrimeagency', 'url': 'nationalcrimeagency.gov.uk', 'state': True, 'frequency': 6, 'last_execution': 1744127043.901192}]
[2025-04-08T15:51:49.155+0000] {taskinstance.py:441} INFO - ::group::Post task execution logs
[2025-04-08T15:51:49.190+0000] {taskinstance.py:1206} INFO - Marking task as SUCCESS. dag_id=finScraping, task_id=check_sources, run_id=manual__2025-04-08T15:51:44.612413+00:00, execution_date=20250408T155144, start_date=20250408T155148, end_date=20250408T155149
[2025-04-08T15:51:49.264+0000] {local_task_job_runner.py:240} INFO - Task exited with return code 0
[2025-04-08T15:51:49.332+0000] {taskinstance.py:3498} INFO - 0 downstream tasks scheduled from follow-on schedule check
[2025-04-08T15:51:49.336+0000] {local_task_job_runner.py:222} INFO - ::endgroup::
