[2025-04-14T01:36:47.995+0000] {local_task_job_runner.py:120} INFO - ::group::Pre task execution logs
[2025-04-14T01:36:48.020+0000] {taskinstance.py:2076} INFO - Dependencies all met for dep_context=non-requeueable deps ti=<TaskInstance: finScraping.check_sources manual__2025-04-14T01:36:41.774869+00:00 [queued]>
[2025-04-14T01:36:48.028+0000] {taskinstance.py:2076} INFO - Dependencies all met for dep_context=requeueable deps ti=<TaskInstance: finScraping.check_sources manual__2025-04-14T01:36:41.774869+00:00 [queued]>
[2025-04-14T01:36:48.028+0000] {taskinstance.py:2306} INFO - Starting attempt 1 of 2
[2025-04-14T01:36:48.043+0000] {taskinstance.py:2330} INFO - Executing <Task(_PythonDecoratedOperator): check_sources> on 2025-04-14 01:36:41.774869+00:00
[2025-04-14T01:36:48.049+0000] {standard_task_runner.py:63} INFO - Started process 107 to run task
[2025-04-14T01:36:48.052+0000] {standard_task_runner.py:90} INFO - Running: ['***', 'tasks', 'run', 'finScraping', 'check_sources', 'manual__2025-04-14T01:36:41.774869+00:00', '--job-id', '421', '--raw', '--subdir', 'DAGS_FOLDER/finScrapingDag.py', '--cfg-path', '/tmp/tmpj_68qwx5']
[2025-04-14T01:36:48.053+0000] {standard_task_runner.py:91} INFO - Job 421: Subtask check_sources
[2025-04-14T01:36:48.095+0000] {task_command.py:426} INFO - Running <TaskInstance: finScraping.check_sources manual__2025-04-14T01:36:41.774869+00:00 [running]> on host c8b3bbac069d
[2025-04-14T01:36:48.200+0000] {taskinstance.py:2648} INFO - Exporting env vars: AIRFLOW_CTX_DAG_OWNER='***' AIRFLOW_CTX_DAG_ID='finScraping' AIRFLOW_CTX_TASK_ID='check_sources' AIRFLOW_CTX_EXECUTION_DATE='2025-04-14T01:36:41.774869+00:00' AIRFLOW_CTX_TRY_NUMBER='1' AIRFLOW_CTX_DAG_RUN_ID='manual__2025-04-14T01:36:41.774869+00:00'
[2025-04-14T01:36:48.201+0000] {taskinstance.py:430} INFO - ::endgroup::
[2025-04-14T01:36:48.304+0000] {_transport.py:349} INFO - POST https://10.10.1.12:9200/sources/_update/ZdQOFpYBWUzV57vG-irh [status:200 duration:0.058s]
[2025-04-14T01:36:48.305+0000] {logging_mixin.py:188} INFO - editing source austrac
[2025-04-14T01:36:48.366+0000] {_transport.py:349} INFO - POST https://10.10.1.12:9200/sources/_update/JAFUKpYBuzX6IgpZnDhK [status:200 duration:0.023s]
[2025-04-14T01:36:48.366+0000] {logging_mixin.py:188} INFO - editing source qfiu
[2025-04-14T01:36:48.420+0000] {_transport.py:349} INFO - POST https://10.10.1.12:9200/sources/_update/ZtQPFpYBWUzV57vGJyqG [status:200 duration:0.021s]
[2025-04-14T01:36:48.421+0000] {logging_mixin.py:188} INFO - editing source nationalcrimeagency
[2025-04-14T01:36:48.421+0000] {python.py:237} INFO - Done. Returned value was: [{'id': 'ZdQOFpYBWUzV57vG-irh', 'name': 'austrac', 'url': 'austrac.gov.au', 'state': True, 'frequency': 6, 'last_execution': 1744592090}, {'id': 'JAFUKpYBuzX6IgpZnDhK', 'name': 'qfiu', 'url': 'www.qfiu.gov.qa', 'state': True, 'frequency': 8, 'last_execution': 1744592090}, {'id': 'ZtQPFpYBWUzV57vGJyqG', 'name': 'nationalcrimeagency', 'url': 'nationalcrimeagency.gov.uk', 'state': True, 'frequency': 4, 'last_execution': 1744564744, 'frequenccy': 6}]
[2025-04-14T01:36:48.422+0000] {taskinstance.py:441} INFO - ::group::Post task execution logs
[2025-04-14T01:36:48.451+0000] {taskinstance.py:1206} INFO - Marking task as SUCCESS. dag_id=finScraping, task_id=check_sources, run_id=manual__2025-04-14T01:36:41.774869+00:00, execution_date=20250414T013641, start_date=20250414T013648, end_date=20250414T013648
[2025-04-14T01:36:48.504+0000] {local_task_job_runner.py:240} INFO - Task exited with return code 0
[2025-04-14T01:36:48.596+0000] {taskinstance.py:3498} INFO - 3 downstream tasks scheduled from follow-on schedule check
[2025-04-14T01:36:48.598+0000] {local_task_job_runner.py:222} INFO - ::endgroup::
