[2025-04-13T14:26:52.357+0000] {local_task_job_runner.py:120} INFO - ::group::Pre task execution logs
[2025-04-13T14:26:52.391+0000] {taskinstance.py:2076} INFO - Dependencies all met for dep_context=non-requeueable deps ti=<TaskInstance: finScraping.sources manual__2025-04-13T14:26:49.521785+00:00 [queued]>
[2025-04-13T14:26:52.404+0000] {taskinstance.py:2076} INFO - Dependencies all met for dep_context=requeueable deps ti=<TaskInstance: finScraping.sources manual__2025-04-13T14:26:49.521785+00:00 [queued]>
[2025-04-13T14:26:52.405+0000] {taskinstance.py:2306} INFO - Starting attempt 1 of 2
[2025-04-13T14:26:52.430+0000] {taskinstance.py:2330} INFO - Executing <Task(_PythonDecoratedOperator): sources> on 2025-04-13 14:26:49.521785+00:00
[2025-04-13T14:26:52.441+0000] {standard_task_runner.py:63} INFO - Started process 239 to run task
[2025-04-13T14:26:52.446+0000] {standard_task_runner.py:90} INFO - Running: ['***', 'tasks', 'run', 'finScraping', 'sources', 'manual__2025-04-13T14:26:49.521785+00:00', '--job-id', '227', '--raw', '--subdir', 'DAGS_FOLDER/finScrapingDag.py', '--cfg-path', '/tmp/tmpra79xi0p']
[2025-04-13T14:26:52.448+0000] {standard_task_runner.py:91} INFO - Job 227: Subtask sources
[2025-04-13T14:26:52.526+0000] {task_command.py:426} INFO - Running <TaskInstance: finScraping.sources manual__2025-04-13T14:26:49.521785+00:00 [running]> on host f7b87af6833c
[2025-04-13T14:26:52.658+0000] {taskinstance.py:2648} INFO - Exporting env vars: AIRFLOW_CTX_DAG_OWNER='***' AIRFLOW_CTX_DAG_ID='finScraping' AIRFLOW_CTX_TASK_ID='sources' AIRFLOW_CTX_EXECUTION_DATE='2025-04-13T14:26:49.521785+00:00' AIRFLOW_CTX_TRY_NUMBER='1' AIRFLOW_CTX_DAG_RUN_ID='manual__2025-04-13T14:26:49.521785+00:00'
[2025-04-13T14:26:52.659+0000] {taskinstance.py:430} INFO - ::endgroup::
[2025-04-13T14:26:55.803+0000] {_transport.py:372} INFO - POST https://10.10.1.12:9200/sources/_search [status:N/A duration:3.084s]
[2025-04-13T14:26:55.805+0000] {_node_pool.py:249} WARNING - Node <Urllib3HttpNode(https://10.10.1.12:9200)> has failed for 1 times in a row, putting on 1 second timeout
[2025-04-13T14:26:55.805+0000] {_transport.py:415} WARNING - Retrying request after failure (attempt 0 of 3)
Traceback (most recent call last):
  File "/home/airflow/.local/lib/python3.9/site-packages/elastic_transport/_transport.py", line 342, in perform_request
    resp = node.perform_request(
  File "/home/airflow/.local/lib/python3.9/site-packages/elastic_transport/_node/_http_urllib3.py", line 202, in perform_request
    raise err from None
elastic_transport.ConnectionError: Connection error caused by: NewConnectionError(<urllib3.connection.HTTPSConnection object at 0x7445e52c6d00>: Failed to establish a new connection: [Errno 113] No route to host)
[2025-04-13T14:26:58.874+0000] {_transport.py:372} INFO - POST https://10.10.1.12:9200/sources/_search [status:N/A duration:3.059s]
[2025-04-13T14:26:58.876+0000] {_node_pool.py:249} WARNING - Node <Urllib3HttpNode(https://10.10.1.12:9200)> has failed for 2 times in a row, putting on 2 second timeout
[2025-04-13T14:26:58.877+0000] {_transport.py:415} WARNING - Retrying request after failure (attempt 1 of 3)
Traceback (most recent call last):
  File "/home/airflow/.local/lib/python3.9/site-packages/elastic_transport/_transport.py", line 342, in perform_request
    resp = node.perform_request(
  File "/home/airflow/.local/lib/python3.9/site-packages/elastic_transport/_node/_http_urllib3.py", line 202, in perform_request
    raise err from None
elastic_transport.ConnectionError: Connection error caused by: NewConnectionError(<urllib3.connection.HTTPSConnection object at 0x7445e52d2130>: Failed to establish a new connection: [Errno 113] No route to host)
[2025-04-13T14:26:58.879+0000] {_node_pool.py:310} INFO - Resurrected node <Urllib3HttpNode(https://10.10.1.12:9200)> (force=False)
[2025-04-13T14:27:01.946+0000] {_transport.py:372} INFO - POST https://10.10.1.12:9200/sources/_search [status:N/A duration:3.066s]
[2025-04-13T14:27:01.948+0000] {_node_pool.py:249} WARNING - Node <Urllib3HttpNode(https://10.10.1.12:9200)> has failed for 3 times in a row, putting on 4 second timeout
[2025-04-13T14:27:01.949+0000] {_transport.py:415} WARNING - Retrying request after failure (attempt 2 of 3)
Traceback (most recent call last):
  File "/home/airflow/.local/lib/python3.9/site-packages/elastic_transport/_transport.py", line 342, in perform_request
    resp = node.perform_request(
  File "/home/airflow/.local/lib/python3.9/site-packages/elastic_transport/_node/_http_urllib3.py", line 202, in perform_request
    raise err from None
elastic_transport.ConnectionError: Connection error caused by: NewConnectionError(<urllib3.connection.HTTPSConnection object at 0x7445e52d23d0>: Failed to establish a new connection: [Errno 113] No route to host)
[2025-04-13T14:27:01.951+0000] {_node_pool.py:310} INFO - Resurrected node <Urllib3HttpNode(https://10.10.1.12:9200)> (force=False)
[2025-04-13T14:27:05.018+0000] {_transport.py:372} INFO - POST https://10.10.1.12:9200/sources/_search [status:N/A duration:3.066s]
[2025-04-13T14:27:05.018+0000] {_node_pool.py:249} WARNING - Node <Urllib3HttpNode(https://10.10.1.12:9200)> has failed for 4 times in a row, putting on 8 second timeout
[2025-04-13T14:27:05.019+0000] {taskinstance.py:441} INFO - ::group::Post task execution logs
[2025-04-13T14:27:05.019+0000] {taskinstance.py:2905} ERROR - Task failed with exception
Traceback (most recent call last):
  File "/home/airflow/.local/lib/python3.9/site-packages/airflow/models/taskinstance.py", line 465, in _execute_task
    result = _execute_callable(context=context, **execute_callable_kwargs)
  File "/home/airflow/.local/lib/python3.9/site-packages/airflow/models/taskinstance.py", line 432, in _execute_callable
    return execute_callable(context=context, **execute_callable_kwargs)
  File "/home/airflow/.local/lib/python3.9/site-packages/airflow/models/baseoperator.py", line 400, in wrapper
    return func(self, *args, **kwargs)
  File "/home/airflow/.local/lib/python3.9/site-packages/airflow/decorators/base.py", line 265, in execute
    return_value = super().execute(context)
  File "/home/airflow/.local/lib/python3.9/site-packages/airflow/models/baseoperator.py", line 400, in wrapper
    return func(self, *args, **kwargs)
  File "/home/airflow/.local/lib/python3.9/site-packages/airflow/operators/python.py", line 235, in execute
    return_value = self.execute_callable()
  File "/home/airflow/.local/lib/python3.9/site-packages/airflow/operators/python.py", line 252, in execute_callable
    return self.python_callable(*self.op_args, **self.op_kwargs)
  File "/opt/airflow/controllers/elasticSearchController.py", line 64, in sources
    response = es.search(index="sources", body={"query": {"match_all": {}}})
  File "/home/airflow/.local/lib/python3.9/site-packages/elasticsearch/_sync/client/utils.py", line 446, in wrapped
    return api(*args, **kwargs)
  File "/home/airflow/.local/lib/python3.9/site-packages/elasticsearch/_sync/client/__init__.py", line 4091, in search
    return self.perform_request(  # type: ignore[return-value]
  File "/home/airflow/.local/lib/python3.9/site-packages/elasticsearch/_sync/client/_base.py", line 271, in perform_request
    response = self._perform_request(
  File "/home/airflow/.local/lib/python3.9/site-packages/elasticsearch/_sync/client/_base.py", line 316, in _perform_request
    meta, resp_body = self.transport.perform_request(
  File "/home/airflow/.local/lib/python3.9/site-packages/elastic_transport/_transport.py", line 342, in perform_request
    resp = node.perform_request(
  File "/home/airflow/.local/lib/python3.9/site-packages/elastic_transport/_node/_http_urllib3.py", line 202, in perform_request
    raise err from None
elastic_transport.ConnectionError: Connection error caused by: ConnectionError(Connection error caused by: NewConnectionError(<urllib3.connection.HTTPSConnection object at 0x7445e52c6d00>: Failed to establish a new connection: [Errno 113] No route to host))
[2025-04-13T14:27:05.032+0000] {taskinstance.py:1206} INFO - Marking task as UP_FOR_RETRY. dag_id=finScraping, task_id=sources, run_id=manual__2025-04-13T14:26:49.521785+00:00, execution_date=20250413T142649, start_date=20250413T142652, end_date=20250413T142705
[2025-04-13T14:27:05.050+0000] {standard_task_runner.py:110} ERROR - Failed to execute job 227 for task sources (Connection error caused by: ConnectionError(Connection error caused by: NewConnectionError(<urllib3.connection.HTTPSConnection object at 0x7445e52c6d00>: Failed to establish a new connection: [Errno 113] No route to host)); 239)
[2025-04-13T14:27:05.079+0000] {local_task_job_runner.py:240} INFO - Task exited with return code 1
[2025-04-13T14:27:05.110+0000] {taskinstance.py:3498} INFO - 0 downstream tasks scheduled from follow-on schedule check
[2025-04-13T14:27:05.112+0000] {local_task_job_runner.py:222} INFO - ::endgroup::
