[2025-04-08T16:11:02.681+0000] {local_task_job_runner.py:120} INFO - ::group::Pre task execution logs
[2025-04-08T16:11:02.717+0000] {taskinstance.py:2076} INFO - Dependencies all met for dep_context=non-requeueable deps ti=<TaskInstance: finScraping.scraper manual__2025-04-08T16:10:58.128850+00:00 map_index=1 [queued]>
[2025-04-08T16:11:02.733+0000] {taskinstance.py:2076} INFO - Dependencies all met for dep_context=requeueable deps ti=<TaskInstance: finScraping.scraper manual__2025-04-08T16:10:58.128850+00:00 map_index=1 [queued]>
[2025-04-08T16:11:02.733+0000] {taskinstance.py:2306} INFO - Starting attempt 1 of 2
[2025-04-08T16:11:02.750+0000] {taskinstance.py:2330} INFO - Executing <Mapped(_PythonDecoratedOperator): scraper> on 2025-04-08 16:10:58.128850+00:00
[2025-04-08T16:11:02.757+0000] {standard_task_runner.py:63} INFO - Started process 954 to run task
[2025-04-08T16:11:02.762+0000] {standard_task_runner.py:90} INFO - Running: ['***', 'tasks', 'run', 'finScraping', 'scraper', 'manual__2025-04-08T16:10:58.128850+00:00', '--job-id', '58', '--raw', '--subdir', 'DAGS_FOLDER/finScrapingDag.py', '--cfg-path', '/tmp/tmp__7yjz5x', '--map-index', '1']
[2025-04-08T16:11:02.763+0000] {standard_task_runner.py:91} INFO - Job 58: Subtask scraper
[2025-04-08T16:11:02.844+0000] {task_command.py:426} INFO - Running <TaskInstance: finScraping.scraper manual__2025-04-08T16:10:58.128850+00:00 map_index=1 [running]> on host e755bcd4c5c9
[2025-04-08T16:11:02.982+0000] {taskinstance.py:2648} INFO - Exporting env vars: AIRFLOW_CTX_DAG_OWNER='***' AIRFLOW_CTX_DAG_ID='finScraping' AIRFLOW_CTX_TASK_ID='scraper' AIRFLOW_CTX_EXECUTION_DATE='2025-04-08T16:10:58.128850+00:00' AIRFLOW_CTX_TRY_NUMBER='1' AIRFLOW_CTX_DAG_RUN_ID='manual__2025-04-08T16:10:58.128850+00:00'
[2025-04-08T16:11:02.983+0000] {taskinstance.py:430} INFO - ::endgroup::
[2025-04-08T16:11:04.166+0000] {logging_mixin.py:188} INFO - Scaping austrac.gov.au
[2025-04-08T16:11:04.166+0000] {logging_mixin.py:188} INFO - Scaping austrac.gov.au : page 0
[2025-04-08T16:11:19.008+0000] {logging_mixin.py:188} INFO - ('2025-03-31T14:00:00+11:00', '\n\tEnhancing AUSTRAC Online: Your feedback in action')
[2025-04-08T16:11:19.009+0000] {logging_mixin.py:188} INFO - Scaping austrac.gov.au : limi date reached
[2025-04-08T16:11:19.009+0000] {logging_mixin.py:188} INFO - []
[2025-04-08T16:11:19.009+0000] {python.py:237} INFO - Done. Returned value was: None
[2025-04-08T16:11:19.010+0000] {taskinstance.py:441} INFO - ::group::Post task execution logs
[2025-04-08T16:11:19.022+0000] {taskinstance.py:1206} INFO - Marking task as SUCCESS. dag_id=finScraping, task_id=scraper, run_id=manual__2025-04-08T16:10:58.128850+00:00, map_index=1, execution_date=20250408T161058, start_date=20250408T161102, end_date=20250408T161119
[2025-04-08T16:11:19.093+0000] {local_task_job_runner.py:240} INFO - Task exited with return code 0
[2025-04-08T16:11:19.111+0000] {taskinstance.py:3498} INFO - 0 downstream tasks scheduled from follow-on schedule check
[2025-04-08T16:11:19.113+0000] {local_task_job_runner.py:222} INFO - ::endgroup::
