[2025-04-08T16:06:00.290+0000] {local_task_job_runner.py:120} INFO - ::group::Pre task execution logs
[2025-04-08T16:06:00.329+0000] {taskinstance.py:2076} INFO - Dependencies all met for dep_context=non-requeueable deps ti=<TaskInstance: finScraping.scraper manual__2025-04-08T16:05:55.841846+00:00 map_index=0 [queued]>
[2025-04-08T16:06:00.343+0000] {taskinstance.py:2076} INFO - Dependencies all met for dep_context=requeueable deps ti=<TaskInstance: finScraping.scraper manual__2025-04-08T16:05:55.841846+00:00 map_index=0 [queued]>
[2025-04-08T16:06:00.343+0000] {taskinstance.py:2306} INFO - Starting attempt 1 of 2
[2025-04-08T16:06:00.359+0000] {taskinstance.py:2330} INFO - Executing <Mapped(_PythonDecoratedOperator): scraper> on 2025-04-08 16:05:55.841846+00:00
[2025-04-08T16:06:00.367+0000] {standard_task_runner.py:63} INFO - Started process 869 to run task
[2025-04-08T16:06:00.371+0000] {standard_task_runner.py:90} INFO - Running: ['***', 'tasks', 'run', 'finScraping', 'scraper', 'manual__2025-04-08T16:05:55.841846+00:00', '--job-id', '50', '--raw', '--subdir', 'DAGS_FOLDER/finScrapingDag.py', '--cfg-path', '/tmp/tmpwqih9kgz', '--map-index', '0']
[2025-04-08T16:06:00.373+0000] {standard_task_runner.py:91} INFO - Job 50: Subtask scraper
[2025-04-08T16:06:00.429+0000] {task_command.py:426} INFO - Running <TaskInstance: finScraping.scraper manual__2025-04-08T16:05:55.841846+00:00 map_index=0 [running]> on host e755bcd4c5c9
[2025-04-08T16:06:00.577+0000] {taskinstance.py:2648} INFO - Exporting env vars: AIRFLOW_CTX_DAG_OWNER='***' AIRFLOW_CTX_DAG_ID='finScraping' AIRFLOW_CTX_TASK_ID='scraper' AIRFLOW_CTX_EXECUTION_DATE='2025-04-08T16:05:55.841846+00:00' AIRFLOW_CTX_TRY_NUMBER='1' AIRFLOW_CTX_DAG_RUN_ID='manual__2025-04-08T16:05:55.841846+00:00'
[2025-04-08T16:06:00.579+0000] {taskinstance.py:430} INFO - ::endgroup::
[2025-04-08T16:06:00.580+0000] {taskinstance.py:441} INFO - ::group::Post task execution logs
[2025-04-08T16:06:00.581+0000] {taskinstance.py:2905} ERROR - Task failed with exception
Traceback (most recent call last):
  File "/home/airflow/.local/lib/python3.9/site-packages/airflow/models/taskinstance.py", line 465, in _execute_task
    result = _execute_callable(context=context, **execute_callable_kwargs)
  File "/home/airflow/.local/lib/python3.9/site-packages/airflow/models/taskinstance.py", line 432, in _execute_callable
    return execute_callable(context=context, **execute_callable_kwargs)
  File "/home/airflow/.local/lib/python3.9/site-packages/airflow/models/baseoperator.py", line 400, in wrapper
    return func(self, *args, **kwargs)
  File "/home/airflow/.local/lib/python3.9/site-packages/airflow/decorators/base.py", line 265, in execute
    return_value = super().execute(context)
  File "/home/airflow/.local/lib/python3.9/site-packages/airflow/models/baseoperator.py", line 400, in wrapper
    return func(self, *args, **kwargs)
  File "/home/airflow/.local/lib/python3.9/site-packages/airflow/operators/python.py", line 235, in execute
    return_value = self.execute_callable()
  File "/home/airflow/.local/lib/python3.9/site-packages/airflow/operators/python.py", line 252, in execute_callable
    return self.python_callable(*self.op_args, **self.op_kwargs)
  File "/opt/airflow/dags/finScrapingDag.py", line 42, in scraper
    scraper.run()
  File "/opt/airflow/controllers/globalScraper.py", line 16, in run
    module = importlib.import_module(module_name, package=".")
  File "/usr/local/lib/python3.9/importlib/__init__.py", line 127, in import_module
    return _bootstrap._gcd_import(name[level:], package, level)
  File "<frozen importlib._bootstrap>", line 1030, in _gcd_import
  File "<frozen importlib._bootstrap>", line 1007, in _find_and_load
  File "<frozen importlib._bootstrap>", line 972, in _find_and_load_unlocked
  File "<frozen importlib._bootstrap>", line 228, in _call_with_frames_removed
  File "<frozen importlib._bootstrap>", line 1030, in _gcd_import
  File "<frozen importlib._bootstrap>", line 1007, in _find_and_load
  File "<frozen importlib._bootstrap>", line 984, in _find_and_load_unlocked
ModuleNotFoundError: No module named 'nationalcrimeagency'
[2025-04-08T16:06:00.594+0000] {taskinstance.py:1206} INFO - Marking task as UP_FOR_RETRY. dag_id=finScraping, task_id=scraper, run_id=manual__2025-04-08T16:05:55.841846+00:00, map_index=0, execution_date=20250408T160555, start_date=20250408T160600, end_date=20250408T160600
[2025-04-08T16:06:00.615+0000] {standard_task_runner.py:110} ERROR - Failed to execute job 50 for task scraper (No module named 'nationalcrimeagency'; 869)
[2025-04-08T16:06:00.664+0000] {local_task_job_runner.py:240} INFO - Task exited with return code 1
[2025-04-08T16:06:00.688+0000] {taskinstance.py:3498} INFO - 0 downstream tasks scheduled from follow-on schedule check
[2025-04-08T16:06:00.690+0000] {local_task_job_runner.py:222} INFO - ::endgroup::
