[2025-04-11T02:28:20.440+0000] {local_task_job_runner.py:120} INFO - ::group::Pre task execution logs
[2025-04-11T02:28:20.467+0000] {taskinstance.py:2076} INFO - Dependencies all met for dep_context=non-requeueable deps ti=<TaskInstance: finScraping.scraper manual__2025-04-11T02:28:16.506256+00:00 map_index=1 [queued]>
[2025-04-11T02:28:20.480+0000] {taskinstance.py:2076} INFO - Dependencies all met for dep_context=requeueable deps ti=<TaskInstance: finScraping.scraper manual__2025-04-11T02:28:16.506256+00:00 map_index=1 [queued]>
[2025-04-11T02:28:20.481+0000] {taskinstance.py:2306} INFO - Starting attempt 1 of 2
[2025-04-11T02:28:20.494+0000] {taskinstance.py:2330} INFO - Executing <Mapped(_PythonDecoratedOperator): scraper> on 2025-04-11 02:28:16.506256+00:00
[2025-04-11T02:28:20.503+0000] {standard_task_runner.py:63} INFO - Started process 231 to run task
[2025-04-11T02:28:20.506+0000] {standard_task_runner.py:90} INFO - Running: ['***', 'tasks', 'run', 'finScraping', 'scraper', 'manual__2025-04-11T02:28:16.506256+00:00', '--job-id', '123', '--raw', '--subdir', 'DAGS_FOLDER/finScrapingDag.py', '--cfg-path', '/tmp/tmpg1wmqo_i', '--map-index', '1']
[2025-04-11T02:28:20.508+0000] {standard_task_runner.py:91} INFO - Job 123: Subtask scraper
[2025-04-11T02:28:20.558+0000] {task_command.py:426} INFO - Running <TaskInstance: finScraping.scraper manual__2025-04-11T02:28:16.506256+00:00 map_index=1 [running]> on host c2f0ca47720d
[2025-04-11T02:28:20.667+0000] {taskinstance.py:2648} INFO - Exporting env vars: AIRFLOW_CTX_DAG_OWNER='***' AIRFLOW_CTX_DAG_ID='finScraping' AIRFLOW_CTX_TASK_ID='scraper' AIRFLOW_CTX_EXECUTION_DATE='2025-04-11T02:28:16.506256+00:00' AIRFLOW_CTX_TRY_NUMBER='1' AIRFLOW_CTX_DAG_RUN_ID='manual__2025-04-11T02:28:16.506256+00:00'
[2025-04-11T02:28:20.668+0000] {taskinstance.py:430} INFO - ::endgroup::
[2025-04-11T02:28:20.986+0000] {logging_mixin.py:188} INFO - Scaping austrac.gov.au
[2025-04-11T02:28:20.987+0000] {logging_mixin.py:188} INFO - Scaping austrac.gov.au : page 0
[2025-04-11T02:28:25.079+0000] {logging_mixin.py:188} INFO - {'title': '\n\tAUSTRAC and the Caretaker Period', 'url': 'https://www.austrac.gov.au/austrac-and-caretaker-period', 'content': '\nThe government is now operating in accordance with the caretaker conventions, pending the outcome of the 2025 federal election. This is standard practice that begins once an election is called and continues until a new government is formed.\nDuring this time, AUSTRAC will operate in accordance with caretaker conventions. These conventions ensure that the agency remains impartial and does not make decisions, announcements or commitments that could influence the election or bind an incoming government.\xa0\nAUSTRAC will continue its regulatory and enforcement functions during this period. Some matters will be deferred or handled in consultation with the Attorney-General’s Department, as appropriate.\xa0\nFor more information, visit the Prime Minister and Cabinets Guidance on caretaker conventions.\n\n', 'date_time': 1744336200}
[2025-04-11T02:28:25.079+0000] {logging_mixin.py:188} INFO - dd
[2025-04-11T02:28:25.080+0000] {python.py:237} INFO - Done. Returned value was: []
[2025-04-11T02:28:25.080+0000] {taskinstance.py:441} INFO - ::group::Post task execution logs
[2025-04-11T02:28:25.120+0000] {taskinstance.py:1206} INFO - Marking task as SUCCESS. dag_id=finScraping, task_id=scraper, run_id=manual__2025-04-11T02:28:16.506256+00:00, map_index=1, execution_date=20250411T022816, start_date=20250411T022820, end_date=20250411T022825
[2025-04-11T02:28:25.181+0000] {local_task_job_runner.py:240} INFO - Task exited with return code 0
[2025-04-11T02:28:25.238+0000] {taskinstance.py:3498} INFO - 0 downstream tasks scheduled from follow-on schedule check
[2025-04-11T02:28:25.240+0000] {local_task_job_runner.py:222} INFO - ::endgroup::
