[2025-04-13T22:59:47.794+0000] {local_task_job_runner.py:120} INFO - ::group::Pre task execution logs
[2025-04-13T22:59:47.823+0000] {taskinstance.py:2076} INFO - Dependencies all met for dep_context=non-requeueable deps ti=<TaskInstance: finScraping.check_sources manual__2025-04-13T22:59:44.033689+00:00 [queued]>
[2025-04-13T22:59:47.835+0000] {taskinstance.py:2076} INFO - Dependencies all met for dep_context=requeueable deps ti=<TaskInstance: finScraping.check_sources manual__2025-04-13T22:59:44.033689+00:00 [queued]>
[2025-04-13T22:59:47.835+0000] {taskinstance.py:2306} INFO - Starting attempt 1 of 2
[2025-04-13T22:59:47.855+0000] {taskinstance.py:2330} INFO - Executing <Task(_PythonDecoratedOperator): check_sources> on 2025-04-13 22:59:44.033689+00:00
[2025-04-13T22:59:47.863+0000] {standard_task_runner.py:63} INFO - Started process 2534 to run task
[2025-04-13T22:59:47.867+0000] {standard_task_runner.py:90} INFO - Running: ['***', 'tasks', 'run', 'finScraping', 'check_sources', 'manual__2025-04-13T22:59:44.033689+00:00', '--job-id', '339', '--raw', '--subdir', 'DAGS_FOLDER/finScrapingDag.py', '--cfg-path', '/tmp/tmp2kszyh5i']
[2025-04-13T22:59:47.868+0000] {standard_task_runner.py:91} INFO - Job 339: Subtask check_sources
[2025-04-13T22:59:47.925+0000] {task_command.py:426} INFO - Running <TaskInstance: finScraping.check_sources manual__2025-04-13T22:59:44.033689+00:00 [running]> on host fb0574a6d4a1
[2025-04-13T22:59:48.059+0000] {taskinstance.py:2648} INFO - Exporting env vars: AIRFLOW_CTX_DAG_OWNER='***' AIRFLOW_CTX_DAG_ID='finScraping' AIRFLOW_CTX_TASK_ID='check_sources' AIRFLOW_CTX_EXECUTION_DATE='2025-04-13T22:59:44.033689+00:00' AIRFLOW_CTX_TRY_NUMBER='1' AIRFLOW_CTX_DAG_RUN_ID='manual__2025-04-13T22:59:44.033689+00:00'
[2025-04-13T22:59:48.060+0000] {taskinstance.py:430} INFO - ::endgroup::
[2025-04-13T22:59:48.153+0000] {_transport.py:349} INFO - POST https://10.10.1.12:9200/sources/_update/ZdQOFpYBWUzV57vG-irh [status:200 duration:0.029s]
[2025-04-13T22:59:48.154+0000] {logging_mixin.py:188} INFO - editing source austrac
[2025-04-13T22:59:48.226+0000] {_transport.py:349} INFO - POST https://10.10.1.12:9200/sources/_update/JAFUKpYBuzX6IgpZnDhK [status:200 duration:0.015s]
[2025-04-13T22:59:48.227+0000] {logging_mixin.py:188} INFO - editing source qfiu
[2025-04-13T22:59:48.227+0000] {python.py:237} INFO - Done. Returned value was: [{'id': 'ZdQOFpYBWUzV57vG-irh', 'name': 'austrac', 'url': 'austrac.gov.au', 'state': True, 'frequency': 6, 'last_execution': 1744585000}, {'id': 'JAFUKpYBuzX6IgpZnDhK', 'name': 'qfiu', 'url': 'www.qfiu.gov.qa', 'state': True, 'frequency': 8, 'last_execution': 1744585000}]
[2025-04-13T22:59:48.228+0000] {taskinstance.py:441} INFO - ::group::Post task execution logs
[2025-04-13T22:59:48.271+0000] {taskinstance.py:1206} INFO - Marking task as SUCCESS. dag_id=finScraping, task_id=check_sources, run_id=manual__2025-04-13T22:59:44.033689+00:00, execution_date=20250413T225944, start_date=20250413T225947, end_date=20250413T225948
[2025-04-13T22:59:48.320+0000] {local_task_job_runner.py:240} INFO - Task exited with return code 0
[2025-04-13T22:59:48.438+0000] {taskinstance.py:3498} INFO - 2 downstream tasks scheduled from follow-on schedule check
[2025-04-13T22:59:48.440+0000] {local_task_job_runner.py:222} INFO - ::endgroup::
