[2025-04-08T16:00:38.743+0000] {local_task_job_runner.py:120} INFO - ::group::Pre task execution logs
[2025-04-08T16:00:38.772+0000] {taskinstance.py:2076} INFO - Dependencies all met for dep_context=non-requeueable deps ti=<TaskInstance: finScraping.scraper manual__2025-04-08T16:00:34.344258+00:00 map_index=1 [queued]>
[2025-04-08T16:00:38.784+0000] {taskinstance.py:2076} INFO - Dependencies all met for dep_context=requeueable deps ti=<TaskInstance: finScraping.scraper manual__2025-04-08T16:00:34.344258+00:00 map_index=1 [queued]>
[2025-04-08T16:00:38.784+0000] {taskinstance.py:2306} INFO - Starting attempt 1 of 2
[2025-04-08T16:00:38.798+0000] {taskinstance.py:2330} INFO - Executing <Mapped(_PythonDecoratedOperator): scraper> on 2025-04-08 16:00:34.344258+00:00
[2025-04-08T16:00:38.804+0000] {standard_task_runner.py:63} INFO - Started process 774 to run task
[2025-04-08T16:00:38.809+0000] {standard_task_runner.py:90} INFO - Running: ['***', 'tasks', 'run', 'finScraping', 'scraper', 'manual__2025-04-08T16:00:34.344258+00:00', '--job-id', '38', '--raw', '--subdir', 'DAGS_FOLDER/finScrapingDag.py', '--cfg-path', '/tmp/tmpehwieejo', '--map-index', '1']
[2025-04-08T16:00:38.810+0000] {standard_task_runner.py:91} INFO - Job 38: Subtask scraper
[2025-04-08T16:00:38.860+0000] {task_command.py:426} INFO - Running <TaskInstance: finScraping.scraper manual__2025-04-08T16:00:34.344258+00:00 map_index=1 [running]> on host e755bcd4c5c9
[2025-04-08T16:00:38.983+0000] {taskinstance.py:2648} INFO - Exporting env vars: AIRFLOW_CTX_DAG_OWNER='***' AIRFLOW_CTX_DAG_ID='finScraping' AIRFLOW_CTX_TASK_ID='scraper' AIRFLOW_CTX_EXECUTION_DATE='2025-04-08T16:00:34.344258+00:00' AIRFLOW_CTX_TRY_NUMBER='1' AIRFLOW_CTX_DAG_RUN_ID='manual__2025-04-08T16:00:34.344258+00:00'
[2025-04-08T16:00:38.984+0000] {taskinstance.py:430} INFO - ::endgroup::
[2025-04-08T16:00:38.984+0000] {taskinstance.py:441} INFO - ::group::Post task execution logs
[2025-04-08T16:00:38.984+0000] {taskinstance.py:2905} ERROR - Task failed with exception
Traceback (most recent call last):
  File "/home/airflow/.local/lib/python3.9/site-packages/airflow/models/taskinstance.py", line 465, in _execute_task
    result = _execute_callable(context=context, **execute_callable_kwargs)
  File "/home/airflow/.local/lib/python3.9/site-packages/airflow/models/taskinstance.py", line 432, in _execute_callable
    return execute_callable(context=context, **execute_callable_kwargs)
  File "/home/airflow/.local/lib/python3.9/site-packages/airflow/models/baseoperator.py", line 400, in wrapper
    return func(self, *args, **kwargs)
  File "/home/airflow/.local/lib/python3.9/site-packages/airflow/decorators/base.py", line 265, in execute
    return_value = super().execute(context)
  File "/home/airflow/.local/lib/python3.9/site-packages/airflow/models/baseoperator.py", line 400, in wrapper
    return func(self, *args, **kwargs)
  File "/home/airflow/.local/lib/python3.9/site-packages/airflow/operators/python.py", line 235, in execute
    return_value = self.execute_callable()
  File "/home/airflow/.local/lib/python3.9/site-packages/airflow/operators/python.py", line 252, in execute_callable
    return self.python_callable(*self.op_args, **self.op_kwargs)
  File "/opt/airflow/dags/finScrapingDag.py", line 42, in scraper
    scraper.run()
  File "/opt/airflow/controllers/globalScraper.py", line 12, in run
    module_name = f"{source.name}.scraper"
NameError: name 'source' is not defined
[2025-04-08T16:00:38.996+0000] {taskinstance.py:1206} INFO - Marking task as UP_FOR_RETRY. dag_id=finScraping, task_id=scraper, run_id=manual__2025-04-08T16:00:34.344258+00:00, map_index=1, execution_date=20250408T160034, start_date=20250408T160038, end_date=20250408T160038
[2025-04-08T16:00:39.010+0000] {standard_task_runner.py:110} ERROR - Failed to execute job 38 for task scraper (name 'source' is not defined; 774)
[2025-04-08T16:00:39.020+0000] {local_task_job_runner.py:240} INFO - Task exited with return code 1
[2025-04-08T16:00:39.042+0000] {taskinstance.py:3498} INFO - 0 downstream tasks scheduled from follow-on schedule check
[2025-04-08T16:00:39.044+0000] {local_task_job_runner.py:222} INFO - ::endgroup::
