[2025-04-13T22:54:35.370+0000] {local_task_job_runner.py:120} INFO - ::group::Pre task execution logs
[2025-04-13T22:54:35.398+0000] {taskinstance.py:2076} INFO - Dependencies all met for dep_context=non-requeueable deps ti=<TaskInstance: finScraping.check_sources scheduled__2025-04-13T21:00:00+00:00 [queued]>
[2025-04-13T22:54:35.409+0000] {taskinstance.py:2076} INFO - Dependencies all met for dep_context=requeueable deps ti=<TaskInstance: finScraping.check_sources scheduled__2025-04-13T21:00:00+00:00 [queued]>
[2025-04-13T22:54:35.409+0000] {taskinstance.py:2306} INFO - Starting attempt 1 of 2
[2025-04-13T22:54:35.427+0000] {taskinstance.py:2330} INFO - Executing <Task(_PythonDecoratedOperator): check_sources> on 2025-04-13 21:00:00+00:00
[2025-04-13T22:54:35.436+0000] {standard_task_runner.py:63} INFO - Started process 2439 to run task
[2025-04-13T22:54:35.439+0000] {standard_task_runner.py:90} INFO - Running: ['***', 'tasks', 'run', 'finScraping', 'check_sources', 'scheduled__2025-04-13T21:00:00+00:00', '--job-id', '323', '--raw', '--subdir', 'DAGS_FOLDER/finScrapingDag.py', '--cfg-path', '/tmp/tmp515qhx_d']
[2025-04-13T22:54:35.441+0000] {standard_task_runner.py:91} INFO - Job 323: Subtask check_sources
[2025-04-13T22:54:35.500+0000] {task_command.py:426} INFO - Running <TaskInstance: finScraping.check_sources scheduled__2025-04-13T21:00:00+00:00 [running]> on host fb0574a6d4a1
[2025-04-13T22:54:35.649+0000] {taskinstance.py:2648} INFO - Exporting env vars: AIRFLOW_CTX_DAG_OWNER='***' AIRFLOW_CTX_DAG_ID='finScraping' AIRFLOW_CTX_TASK_ID='check_sources' AIRFLOW_CTX_EXECUTION_DATE='2025-04-13T21:00:00+00:00' AIRFLOW_CTX_TRY_NUMBER='1' AIRFLOW_CTX_DAG_RUN_ID='scheduled__2025-04-13T21:00:00+00:00'
[2025-04-13T22:54:35.651+0000] {taskinstance.py:430} INFO - ::endgroup::
[2025-04-13T22:54:35.732+0000] {_transport.py:349} INFO - POST https://10.10.1.12:9200/sources/_update/ZdQOFpYBWUzV57vG-irh [status:200 duration:0.028s]
[2025-04-13T22:54:35.732+0000] {logging_mixin.py:188} INFO - editing source austrac
[2025-04-13T22:54:35.804+0000] {_transport.py:349} INFO - POST https://10.10.1.12:9200/sources/_update/JAFUKpYBuzX6IgpZnDhK [status:200 duration:0.018s]
[2025-04-13T22:54:35.804+0000] {logging_mixin.py:188} INFO - editing source qfiu
[2025-04-13T22:54:35.805+0000] {python.py:237} INFO - Done. Returned value was: [{'id': 'ZdQOFpYBWUzV57vG-irh', 'name': 'austrac', 'url': 'austrac.gov.au', 'state': True, 'frequency': 6, 'last_execution': 1744568347}, {'id': 'JAFUKpYBuzX6IgpZnDhK', 'name': 'qfiu', 'url': 'www.qfiu.gov.qa', 'state': True, 'frequency': 8, 'last_execution': 1744568347}]
[2025-04-13T22:54:35.805+0000] {taskinstance.py:441} INFO - ::group::Post task execution logs
[2025-04-13T22:54:35.844+0000] {taskinstance.py:1206} INFO - Marking task as SUCCESS. dag_id=finScraping, task_id=check_sources, run_id=scheduled__2025-04-13T21:00:00+00:00, execution_date=20250413T210000, start_date=20250413T225435, end_date=20250413T225435
[2025-04-13T22:54:35.892+0000] {local_task_job_runner.py:240} INFO - Task exited with return code 0
[2025-04-13T22:54:35.907+0000] {local_task_job_runner.py:222} INFO - ::endgroup::
