[2025-04-08T16:11:02.718+0000] {local_task_job_runner.py:120} INFO - ::group::Pre task execution logs
[2025-04-08T16:11:02.753+0000] {taskinstance.py:2076} INFO - Dependencies all met for dep_context=non-requeueable deps ti=<TaskInstance: finScraping.scraper manual__2025-04-08T16:10:58.128850+00:00 map_index=0 [queued]>
[2025-04-08T16:11:02.773+0000] {taskinstance.py:2076} INFO - Dependencies all met for dep_context=requeueable deps ti=<TaskInstance: finScraping.scraper manual__2025-04-08T16:10:58.128850+00:00 map_index=0 [queued]>
[2025-04-08T16:11:02.773+0000] {taskinstance.py:2306} INFO - Starting attempt 1 of 2
[2025-04-08T16:11:02.805+0000] {taskinstance.py:2330} INFO - Executing <Mapped(_PythonDecoratedOperator): scraper> on 2025-04-08 16:10:58.128850+00:00
[2025-04-08T16:11:02.814+0000] {standard_task_runner.py:63} INFO - Started process 955 to run task
[2025-04-08T16:11:02.817+0000] {standard_task_runner.py:90} INFO - Running: ['***', 'tasks', 'run', 'finScraping', 'scraper', 'manual__2025-04-08T16:10:58.128850+00:00', '--job-id', '59', '--raw', '--subdir', 'DAGS_FOLDER/finScrapingDag.py', '--cfg-path', '/tmp/tmpt6_9xdi2', '--map-index', '0']
[2025-04-08T16:11:02.819+0000] {standard_task_runner.py:91} INFO - Job 59: Subtask scraper
[2025-04-08T16:11:02.892+0000] {task_command.py:426} INFO - Running <TaskInstance: finScraping.scraper manual__2025-04-08T16:10:58.128850+00:00 map_index=0 [running]> on host e755bcd4c5c9
[2025-04-08T16:11:03.031+0000] {taskinstance.py:2648} INFO - Exporting env vars: AIRFLOW_CTX_DAG_OWNER='***' AIRFLOW_CTX_DAG_ID='finScraping' AIRFLOW_CTX_TASK_ID='scraper' AIRFLOW_CTX_EXECUTION_DATE='2025-04-08T16:10:58.128850+00:00' AIRFLOW_CTX_TRY_NUMBER='1' AIRFLOW_CTX_DAG_RUN_ID='manual__2025-04-08T16:10:58.128850+00:00'
[2025-04-08T16:11:03.032+0000] {taskinstance.py:430} INFO - ::endgroup::
[2025-04-08T16:11:04.164+0000] {logging_mixin.py:188} INFO - Scaping austrac.gov.au
[2025-04-08T16:11:04.165+0000] {logging_mixin.py:188} INFO - Scaping austrac.gov.au : page 0
[2025-04-08T16:11:04.291+0000] {taskinstance.py:441} INFO - ::group::Post task execution logs
[2025-04-08T16:11:04.292+0000] {taskinstance.py:2905} ERROR - Task failed with exception
Traceback (most recent call last):
  File "/home/airflow/.local/lib/python3.9/site-packages/urllib3/connection.py", line 174, in _new_conn
    conn = connection.create_connection(
  File "/home/airflow/.local/lib/python3.9/site-packages/urllib3/util/connection.py", line 95, in create_connection
    raise err
  File "/home/airflow/.local/lib/python3.9/site-packages/urllib3/util/connection.py", line 85, in create_connection
    sock.connect(sa)
OSError: [Errno 101] Network is unreachable

During handling of the above exception, another exception occurred:

Traceback (most recent call last):
  File "/home/airflow/.local/lib/python3.9/site-packages/urllib3/connectionpool.py", line 715, in urlopen
    httplib_response = self._make_request(
  File "/home/airflow/.local/lib/python3.9/site-packages/urllib3/connectionpool.py", line 404, in _make_request
    self._validate_conn(conn)
  File "/home/airflow/.local/lib/python3.9/site-packages/urllib3/connectionpool.py", line 1058, in _validate_conn
    conn.connect()
  File "/home/airflow/.local/lib/python3.9/site-packages/urllib3/connection.py", line 363, in connect
    self.sock = conn = self._new_conn()
  File "/home/airflow/.local/lib/python3.9/site-packages/urllib3/connection.py", line 186, in _new_conn
    raise NewConnectionError(
urllib3.exceptions.NewConnectionError: <urllib3.connection.HTTPSConnection object at 0x77cafd9667f0>: Failed to establish a new connection: [Errno 101] Network is unreachable

During handling of the above exception, another exception occurred:

Traceback (most recent call last):
  File "/home/airflow/.local/lib/python3.9/site-packages/requests/adapters.py", line 486, in send
    resp = conn.urlopen(
  File "/home/airflow/.local/lib/python3.9/site-packages/urllib3/connectionpool.py", line 799, in urlopen
    retries = retries.increment(
  File "/home/airflow/.local/lib/python3.9/site-packages/urllib3/util/retry.py", line 592, in increment
    raise MaxRetryError(_pool, url, error or ResponseError(cause))
urllib3.exceptions.MaxRetryError: HTTPSConnectionPool(host='www.nationalcrimeagency.gov.uk', port=443): Max retries exceeded with url: /news (Caused by NewConnectionError('<urllib3.connection.HTTPSConnection object at 0x77cafd9667f0>: Failed to establish a new connection: [Errno 101] Network is unreachable'))

During handling of the above exception, another exception occurred:

Traceback (most recent call last):
  File "/home/airflow/.local/lib/python3.9/site-packages/airflow/models/taskinstance.py", line 465, in _execute_task
    result = _execute_callable(context=context, **execute_callable_kwargs)
  File "/home/airflow/.local/lib/python3.9/site-packages/airflow/models/taskinstance.py", line 432, in _execute_callable
    return execute_callable(context=context, **execute_callable_kwargs)
  File "/home/airflow/.local/lib/python3.9/site-packages/airflow/models/baseoperator.py", line 400, in wrapper
    return func(self, *args, **kwargs)
  File "/home/airflow/.local/lib/python3.9/site-packages/airflow/decorators/base.py", line 265, in execute
    return_value = super().execute(context)
  File "/home/airflow/.local/lib/python3.9/site-packages/airflow/models/baseoperator.py", line 400, in wrapper
    return func(self, *args, **kwargs)
  File "/home/airflow/.local/lib/python3.9/site-packages/airflow/operators/python.py", line 235, in execute
    return_value = self.execute_callable()
  File "/home/airflow/.local/lib/python3.9/site-packages/airflow/operators/python.py", line 252, in execute_callable
    return self.python_callable(*self.op_args, **self.op_kwargs)
  File "/opt/airflow/dags/finScrapingDag.py", line 42, in scraper
    scraper.run()
  File "/opt/airflow/controllers/globalScraper.py", line 20, in run
    scraped_data = main(self.LIMIT_DAYS)
  File "/opt/airflow/controllers/nationalcrimeagency/scraper.py", line 136, in main
    articles = get_page(page)
  File "/opt/airflow/controllers/nationalcrimeagency/scraper.py", line 68, in get_page
    response = requests.get(
  File "/home/airflow/.local/lib/python3.9/site-packages/requests/api.py", line 73, in get
    return request("get", url, params=params, **kwargs)
  File "/home/airflow/.local/lib/python3.9/site-packages/requests/api.py", line 59, in request
    return session.request(method=method, url=url, **kwargs)
  File "/home/airflow/.local/lib/python3.9/site-packages/requests/sessions.py", line 589, in request
    resp = self.send(prep, **send_kwargs)
  File "/home/airflow/.local/lib/python3.9/site-packages/requests/sessions.py", line 703, in send
    r = adapter.send(request, **kwargs)
  File "/home/airflow/.local/lib/python3.9/site-packages/requests/adapters.py", line 519, in send
    raise ConnectionError(e, request=request)
requests.exceptions.ConnectionError: HTTPSConnectionPool(host='www.nationalcrimeagency.gov.uk', port=443): Max retries exceeded with url: /news (Caused by NewConnectionError('<urllib3.connection.HTTPSConnection object at 0x77cafd9667f0>: Failed to establish a new connection: [Errno 101] Network is unreachable'))
[2025-04-08T16:11:04.310+0000] {taskinstance.py:1206} INFO - Marking task as UP_FOR_RETRY. dag_id=finScraping, task_id=scraper, run_id=manual__2025-04-08T16:10:58.128850+00:00, map_index=0, execution_date=20250408T161058, start_date=20250408T161102, end_date=20250408T161104
[2025-04-08T16:11:04.327+0000] {standard_task_runner.py:110} ERROR - Failed to execute job 59 for task scraper (HTTPSConnectionPool(host='www.nationalcrimeagency.gov.uk', port=443): Max retries exceeded with url: /news (Caused by NewConnectionError('<urllib3.connection.HTTPSConnection object at 0x77cafd9667f0>: Failed to establish a new connection: [Errno 101] Network is unreachable')); 955)
[2025-04-08T16:11:04.353+0000] {local_task_job_runner.py:240} INFO - Task exited with return code 1
[2025-04-08T16:11:04.381+0000] {taskinstance.py:3498} INFO - 0 downstream tasks scheduled from follow-on schedule check
[2025-04-08T16:11:04.383+0000] {local_task_job_runner.py:222} INFO - ::endgroup::
