[2025-04-13T23:12:14.865+0000] {local_task_job_runner.py:120} INFO - ::group::Pre task execution logs
[2025-04-13T23:12:14.938+0000] {taskinstance.py:2076} INFO - Dependencies all met for dep_context=non-requeueable deps ti=<TaskInstance: finScraping.check_sources manual__2025-04-13T23:12:11.312910+00:00 [queued]>
[2025-04-13T23:12:14.965+0000] {taskinstance.py:2076} INFO - Dependencies all met for dep_context=requeueable deps ti=<TaskInstance: finScraping.check_sources manual__2025-04-13T23:12:11.312910+00:00 [queued]>
[2025-04-13T23:12:14.966+0000] {taskinstance.py:2306} INFO - Starting attempt 1 of 2
[2025-04-13T23:12:15.007+0000] {taskinstance.py:2330} INFO - Executing <Task(_PythonDecoratedOperator): check_sources> on 2025-04-13 23:12:11.312910+00:00
[2025-04-13T23:12:15.024+0000] {standard_task_runner.py:63} INFO - Started process 2773 to run task
[2025-04-13T23:12:15.034+0000] {standard_task_runner.py:90} INFO - Running: ['***', 'tasks', 'run', 'finScraping', 'check_sources', 'manual__2025-04-13T23:12:11.312910+00:00', '--job-id', '381', '--raw', '--subdir', 'DAGS_FOLDER/finScrapingDag.py', '--cfg-path', '/tmp/tmpuv23sgdi']
[2025-04-13T23:12:15.038+0000] {standard_task_runner.py:91} INFO - Job 381: Subtask check_sources
[2025-04-13T23:12:15.179+0000] {task_command.py:426} INFO - Running <TaskInstance: finScraping.check_sources manual__2025-04-13T23:12:11.312910+00:00 [running]> on host fb0574a6d4a1
[2025-04-13T23:12:15.596+0000] {taskinstance.py:2648} INFO - Exporting env vars: AIRFLOW_CTX_DAG_OWNER='***' AIRFLOW_CTX_DAG_ID='finScraping' AIRFLOW_CTX_TASK_ID='check_sources' AIRFLOW_CTX_EXECUTION_DATE='2025-04-13T23:12:11.312910+00:00' AIRFLOW_CTX_TRY_NUMBER='1' AIRFLOW_CTX_DAG_RUN_ID='manual__2025-04-13T23:12:11.312910+00:00'
[2025-04-13T23:12:15.599+0000] {taskinstance.py:430} INFO - ::endgroup::
[2025-04-13T23:12:15.776+0000] {_transport.py:349} INFO - POST https://10.10.1.12:9200/sources/_update/ZdQOFpYBWUzV57vG-irh [status:200 duration:0.018s]
[2025-04-13T23:12:15.777+0000] {logging_mixin.py:188} INFO - editing source austrac
[2025-04-13T23:12:15.838+0000] {_transport.py:349} INFO - POST https://10.10.1.12:9200/sources/_update/JAFUKpYBuzX6IgpZnDhK [status:200 duration:0.014s]
[2025-04-13T23:12:15.839+0000] {logging_mixin.py:188} INFO - editing source qfiu
[2025-04-13T23:12:15.839+0000] {python.py:237} INFO - Done. Returned value was: [{'id': 'ZdQOFpYBWUzV57vG-irh', 'name': 'austrac', 'url': 'austrac.gov.au', 'state': True, 'frequency': 6, 'last_execution': 1744585764}, {'id': 'JAFUKpYBuzX6IgpZnDhK', 'name': 'qfiu', 'url': 'www.qfiu.gov.qa', 'state': True, 'frequency': 8, 'last_execution': 1744585764}]
[2025-04-13T23:12:15.840+0000] {taskinstance.py:441} INFO - ::group::Post task execution logs
[2025-04-13T23:12:15.874+0000] {taskinstance.py:1206} INFO - Marking task as SUCCESS. dag_id=finScraping, task_id=check_sources, run_id=manual__2025-04-13T23:12:11.312910+00:00, execution_date=20250413T231211, start_date=20250413T231214, end_date=20250413T231215
[2025-04-13T23:12:15.928+0000] {local_task_job_runner.py:240} INFO - Task exited with return code 0
[2025-04-13T23:12:16.038+0000] {taskinstance.py:3498} INFO - 2 downstream tasks scheduled from follow-on schedule check
[2025-04-13T23:12:16.040+0000] {local_task_job_runner.py:222} INFO - ::endgroup::
